<?xml version="1.0" encoding="UTF-8"?>
<testsuite name="com.spock.TestSpecification" tests="1" skipped="0" failures="0" errors="0" timestamp="2018-04-19T16:07:02" hostname="WTLRYARRAGUNTLA" time="0.113">
  <properties/>
  <testcase name="testing for test" classname="com.spock.TestSpecification" time="0.113"/>
  <system-out><![CDATA[]]></system-out>
  <system-err><![CDATA[]]></system-err>
</testsuite>
