<?xml version="1.0" encoding="UTF-8"?>
<testsuite name="com.feignclient.FeignClientApplicationTests" tests="1" skipped="0" failures="0" errors="0" timestamp="2018-05-02T14:33:50" hostname="WTLRYARRAGUNTLA" time="0.282">
  <properties/>
  <testcase name="contextLoads" classname="com.feignclient.FeignClientApplicationTests" time="0.282"/>
  <system-out><![CDATA[10:33:39.150 [Test worker] DEBUG org.springframework.test.context.junit4.SpringJUnit4ClassRunner - SpringJUnit4ClassRunner constructor called with [class com.feignclient.FeignClientApplicationTests]
10:33:39.160 [Test worker] DEBUG org.springframework.test.context.BootstrapUtils - Instantiating CacheAwareContextLoaderDelegate from class [org.springframework.test.context.cache.DefaultCacheAwareContextLoaderDelegate]
10:33:39.177 [Test worker] DEBUG org.springframework.test.context.BootstrapUtils - Instantiating BootstrapContext using constructor [public org.springframework.test.context.support.DefaultBootstrapContext(java.lang.Class,org.springframework.test.context.CacheAwareContextLoaderDelegate)]
10:33:39.205 [Test worker] DEBUG org.springframework.test.context.BootstrapUtils - Instantiating TestContextBootstrapper for test class [com.feignclient.FeignClientApplicationTests] from class [org.springframework.boot.test.context.SpringBootTestContextBootstrapper]
10:33:39.233 [Test worker] INFO org.springframework.boot.test.context.SpringBootTestContextBootstrapper - Neither @ContextConfiguration nor @ContextHierarchy found for test class [com.feignclient.FeignClientApplicationTests], using SpringBootContextLoader
10:33:39.238 [Test worker] DEBUG org.springframework.test.context.support.AbstractContextLoader - Did not detect default resource location for test class [com.feignclient.FeignClientApplicationTests]: class path resource [com/feignclient/FeignClientApplicationTests-context.xml] does not exist
10:33:39.239 [Test worker] DEBUG org.springframework.test.context.support.AbstractContextLoader - Did not detect default resource location for test class [com.feignclient.FeignClientApplicationTests]: class path resource [com/feignclient/FeignClientApplicationTestsContext.groovy] does not exist
10:33:39.239 [Test worker] INFO org.springframework.test.context.support.AbstractContextLoader - Could not detect default resource locations for test class [com.feignclient.FeignClientApplicationTests]: no resource found for suffixes {-context.xml, Context.groovy}.
10:33:39.240 [Test worker] INFO org.springframework.test.context.support.AnnotationConfigContextLoaderUtils - Could not detect default configuration classes for test class [com.feignclient.FeignClientApplicationTests]: FeignClientApplicationTests does not declare any static, non-private, non-final, nested classes annotated with @Configuration.
10:33:39.316 [Test worker] DEBUG org.springframework.test.context.support.ActiveProfilesUtils - Could not find an 'annotation declaring class' for annotation type [org.springframework.test.context.ActiveProfiles] and class [com.feignclient.FeignClientApplicationTests]
10:33:39.328 [Test worker] DEBUG org.springframework.core.env.StandardEnvironment - Adding PropertySource 'systemProperties' with lowest search precedence
10:33:39.328 [Test worker] DEBUG org.springframework.core.env.StandardEnvironment - Adding PropertySource 'systemEnvironment' with lowest search precedence
10:33:39.329 [Test worker] DEBUG org.springframework.core.env.StandardEnvironment - Initialized StandardEnvironment with PropertySources [MapPropertySource@731881964 {name='systemProperties', properties={java.runtime.name=Java(TM) SE Runtime Environment, sun.boot.library.path=C:\Program Files\Java\jdk1.8.0_161\jre\bin, java.vm.version=25.161-b12, java.vm.vendor=Oracle Corporation, java.vendor.url=http://java.oracle.com/, path.separator=;, java.vm.name=Java HotSpot(TM) 64-Bit Server VM, file.encoding.pkg=sun.io, user.script=, sun.java.launcher=SUN_STANDARD, user.country=US, sun.os.patch.level=, java.vm.specification.name=Java Virtual Machine Specification, user.dir=C:\Users\ryarraguntla\Downloads\Java_Practise\PNC_Assingment_0403\FeignClient, java.runtime.version=1.8.0_161-b12, java.awt.graphicsenv=sun.awt.Win32GraphicsEnvironment, java.endorsed.dirs=C:\Program Files\Java\jdk1.8.0_161\jre\lib\endorsed, os.arch=amd64, java.io.tmpdir=C:\Users\RYARRA~1\AppData\Local\Temp\, line.separator=
, java.vm.specification.vendor=Oracle Corporation, user.variant=, os.name=Windows 10, sun.jnu.encoding=Cp1252, java.library.path=C:\Program Files\Java\jdk1.8.0_161\bin;C:\Windows\Sun\Java\bin;C:\Windows\system32;C:\Windows;C:/Program Files/Java/jre1.8.0_161/bin/server;C:/Program Files/Java/jre1.8.0_161/bin;C:/Program Files/Java/jre1.8.0_161/lib/amd64;C:\Program Files\Docker\Docker\Resources\bin;C:\ProgramData\Oracle\Java\javapath;C:\Program Files (x86)\Intel\Intel(R) Management Engine Components\iCLS\;C:\Program Files\Intel\Intel(R) Management Engine Components\iCLS\;C:\Windows\system32;C:\Windows;C:\Windows\System32\Wbem;C:\Windows\System32\WindowsPowerShell\v1.0\;C:\Windows\CCM;C:\Windows\CCM;C:\Program Files (x86)\Intel\Intel(R) Management Engine Components\DAL;C:\Program Files\Intel\Intel(R) Management Engine Components\DAL;C:\Program Files (x86)\Intel\Intel(R) Management Engine Components\IPT;C:\Program Files\Intel\Intel(R) Management Engine Components\IPT;C:\Program Files\Java\jdk1.8.0_161\bin;C:\Program Files\apache-maven-3.5.3\bin;C:\Gradle\gradle-4.5\bin;C:\Users\ryarraguntla\Downloads\Softwares\graphviz-2.38\release\\bin;C:\Users\ryarraguntla\Downloads\Softwares\spring-tool-suite-3.9.3\sts-bundle\sts-3.9.3.RELEASE;;., java.specification.name=Java Platform API Specification, java.class.version=52.0, org.gradle.native=false, sun.management.compiler=HotSpot 64-Bit Tiered Compilers, os.version=10.0, user.home=C:\Users\ryarraguntla, user.timezone=America/New_York, java.awt.printerjob=sun.awt.windows.WPrinterJob, file.encoding=windows-1252, java.specification.version=1.8, java.class.path=C:\Users\ryarraguntla\Downloads\Java_Practise\PNC_Assingment_0403\FeignClient\build\classes\java\test;C:\Users\ryarraguntla\Downloads\Java_Practise\PNC_Assingment_0403\FeignClient\build\resources\test;C:\Users\ryarraguntla\Downloads\Java_Practise\PNC_Assingment_0403\FeignClient\build\classes\java\main;C:\Users\ryarraguntla\Downloads\Java_Practise\PNC_Assingment_0403\FeignClient\build\resources\main;C:\Users\ryarraguntla\.gradle\caches\modules-2\files-2.1\org.springframework.boot\spring-boot-starter-web\2.0.1.RELEASE\88751ed76791d12425ce5a80476baf1749a44cf4\spring-boot-starter-web-2.0.1.RELEASE.jar;C:\Users\ryarraguntla\.gradle\caches\modules-2\files-2.1\org.springframework.cloud\spring-cloud-starter-netflix-eureka-client\2.0.0.RC1\b3d0d44ba758498f68f0b126b85a04618a138a29\spring-cloud-starter-netflix-eureka-client-2.0.0.RC1.jar;C:\Users\ryarraguntla\.gradle\caches\modules-2\files-2.1\org.springframework.cloud\spring-cloud-starter-openfeign\2.0.0.RC1\14743832fba4382e20cd8a93aaf70f8c3264d98a\spring-cloud-starter-openfeign-2.0.0.RC1.jar;C:\Users\ryarraguntla\.gradle\caches\modules-2\files-2.1\com.netflix.hystrix\hystrix-javanica\1.5.12\5e4d888e0dba811e8ac3a9dbc8cbcc511734ace4\hystrix-javanica-1.5.12.jar;C:\Users\ryarraguntla\.gradle\caches\modules-2\files-2.1\org.springframework.boot\spring-boot-starter-test\2.0.1.RELEASE\d6204ede44fa7e1df01d25509837bfa4b767fa28\spring-boot-starter-test-2.0.1.RELEASE.jar;C:\Users\ryarraguntla\.gradle\caches\modules-2\files-2.1\org.springframework.boot\spring-boot-starter-json\2.0.1.RELEASE\f2e1aeeb1ac02bfa1b4f7254633484af1866fc65\spring-boot-starter-json-2.0.1.RELEASE.jar;C:\Users\ryarraguntla\.gradle\caches\modules-2\files-2.1\org.springframework.cloud\spring-cloud-starter-netflix-ribbon\2.0.0.RC1\d4249fa658bc90b79e23365f1df11d0b475adc6c\spring-cloud-starter-netflix-ribbon-2.0.0.RC1.jar;C:\Users\ryarraguntla\.gradle\caches\modules-2\files-2.1\org.springframework.cloud\spring-cloud-starter-netflix-archaius\2.0.0.RC1\ff15f49ab69a1bd5d2da6156dcbf1b14cf91ebd0\spring-cloud-starter-netflix-archaius-2.0.0.RC1.jar;C:\Users\ryarraguntla\.gradle\caches\modules-2\files-2.1\org.springframework.cloud\spring-cloud-starter\2.0.0.RC1\faad89078a2a46f61db46680024322932c1a0bfd\spring-cloud-starter-2.0.0.RC1.jar;C:\Users\ryarraguntla\.gradle\caches\modules-2\files-2.1\org.springframework.cloud\spring-cloud-netflix-eureka-client\2.0.0.RC1\ada5aed3ba4412253254580095357c741d8cb7f1\spring-cloud-netflix-eureka-client-2.0.0.RC1.jar;C:\Users\ryarraguntla\.gradle\caches\modules-2\files-2.1\org.springframework.cloud\spring-cloud-netflix-core\2.0.0.RC1\b4dd4e81041c36760fa0eb9f3d6eddf089bec586\spring-cloud-netflix-core-2.0.0.RC1.jar;C:\Users\ryarraguntla\.gradle\caches\modules-2\files-2.1\org.springframework.cloud\spring-cloud-openfeign-core\2.0.0.RC1\719ff64523f3e1bd5354407f1f31a1b1ee70c50a\spring-cloud-openfeign-core-2.0.0.RC1.jar;C:\Users\ryarraguntla\.gradle\caches\modules-2\files-2.1\org.springframework.boot\spring-boot-starter-aop\2.0.1.RELEASE\c7f7b5b5e63edca2fb04899d13d8bad83377b4b3\spring-boot-starter-aop-2.0.1.RELEASE.jar;C:\Users\ryarraguntla\.gradle\caches\modules-2\files-2.1\org.springframework.boot\spring-boot-starter\2.0.1.RELEASE\33abc1286b0aabea4f08ff4285d09e587835a716\spring-boot-starter-2.0.1.RELEASE.jar;C:\Users\ryarraguntla\.gradle\caches\modules-2\files-2.1\org.springframework.boot\spring-boot-starter-tomcat\2.0.1.RELEASE\4b46f4aaff6c8a5a1c8184996d5e9e8a9354db8d\spring-boot-starter-tomcat-2.0.1.RELEASE.jar;C:\Users\ryarraguntla\.gradle\caches\modules-2\files-2.1\org.hibernate.validator\hibernate-validator\6.0.9.Final\b149e4cce82379f11f6129eb3187ca8ae5404005\hibernate-validator-6.0.9.Final.jar;C:\Users\ryarraguntla\.gradle\caches\modules-2\files-2.1\org.springframework\spring-webmvc\5.0.5.RELEASE\a7fd53c7ad06b0fa7dd4ff347de1b2dc508739e\spring-webmvc-5.0.5.RELEASE.jar;C:\Users\ryarraguntla\.gradle\caches\modules-2\files-2.1\org.springframework\spring-web\5.0.5.RELEASE\d51dbb5cabe72ae02e400577bac48f7fc94088de\spring-web-5.0.5.RELEASE.jar;C:\Users\ryarraguntla\.gradle\caches\modules-2\files-2.1\com.netflix.eureka\eureka-core\1.8.8\e3f50879f33805ef676b0701c8b131ecab85e047\eureka-core-1.8.8.jar;C:\Users\ryarraguntla\.gradle\caches\modules-2\files-2.1\com.netflix.ribbon\ribbon-eureka\2.2.5\58016757f3ed6e98c0c1ca1f37d7855a2409551b\ribbon-eureka-2.2.5.jar;C:\Users\ryarraguntla\.gradle\caches\modules-2\files-2.1\com.netflix.eureka\eureka-client\1.8.8\cd47fa3794ed79d5a330010cb36e293a4c268c9c\eureka-client-1.8.8.jar;C:\Users\ryarraguntla\.gradle\caches\modules-2\files-2.1\com.thoughtworks.xstream\xstream\1.4.10\dfecae23647abc9d9fd0416629a4213a3882b101\xstream-1.4.10.jar;C:\Users\ryarraguntla\.gradle\caches\modules-2\files-2.1\org.springframework.cloud\spring-cloud-commons\2.0.0.RC1\acd643839f27c5c515ad1b4a68437d42179b6751\spring-cloud-commons-2.0.0.RC1.jar;C:\Users\ryarraguntla\.gradle\caches\modules-2\files-2.1\io.github.openfeign\feign-slf4j\9.5.1\4770c5f4ad5d9014c161a86ff67891f81af409f1\feign-slf4j-9.5.1.jar;C:\Users\ryarraguntla\.gradle\caches\modules-2\files-2.1\io.github.openfeign\feign-hystrix\9.5.1\f9efeb59ff2380447dc75863eb7e4ecf054891c\feign-hystrix-9.5.1.jar;C:\Users\ryarraguntla\.gradle\caches\modules-2\files-2.1\io.github.openfeign\feign-java8\9.5.1\598f938d41e60e87e4a9f6f859c7254645d8877c\feign-java8-9.5.1.jar;C:\Users\ryarraguntla\.gradle\caches\modules-2\files-2.1\io.github.openfeign\feign-core\9.5.1\590613b1bd18ec0396391fb259e00b7d685ee3e6\feign-core-9.5.1.jar;C:\Users\ryarraguntla\.gradle\caches\modules-2\files-2.1\org.apache.commons\commons-lang3\3.7\557edd918fd41f9260963583ebf5a61a43a6b423\commons-lang3-3.7.jar;C:\Users\ryarraguntla\.gradle\caches\modules-2\files-2.1\com.jayway.jsonpath\json-path\2.4.0\765a4401ceb2dc8d40553c2075eb80a8fa35c2ae\json-path-2.4.0.jar;C:\Users\ryarraguntla\.gradle\caches\modules-2\files-2.1\net.minidev\json-smart\2.3\7396407491352ce4fa30de92efb158adb76b5b\json-smart-2.3.jar;C:\Users\ryarraguntla\.gradle\caches\modules-2\files-2.1\net.minidev\accessors-smart\1.2\c592b500269bfde36096641b01238a8350f8aa31\accessors-smart-1.2.jar;C:\Users\ryarraguntla\.gradle\caches\modules-2\files-2.1\org.ow2.asm\asm\5.0.4\da08b8cce7bbf903602a25a3a163ae252435795\asm-5.0.4.jar;C:\Users\ryarraguntla\.gradle\caches\modules-2\files-2.1\com.netflix.ribbon\ribbon\2.2.5\3f97c8acfc68c35012f00d10b9ac63fc8f48d790\ribbon-2.2.5.jar;C:\Users\ryarraguntla\.gradle\caches\modules-2\files-2.1\com.netflix.hystrix\hystrix-core\1.5.12\75379b6671fcaa9cec33035df684a68ec7741ca6\hystrix-core-1.5.12.jar;C:\Users\ryarraguntla\.gradle\caches\modules-2\files-2.1\org.aspectj\aspectjweaver\1.8.13\ad94df2a28d658a40dc27bbaff6a1ce5fbf04e9b\aspectjweaver-1.8.13.jar;C:\Users\ryarraguntla\.gradle\caches\modules-2\files-2.1\com.netflix.netflix-commons\netflix-eventbus\0.3.0\3f864adbe81f0849729fcbba3fe693c32be739ea\netflix-eventbus-0.3.0.jar;C:\Users\ryarraguntla\.gradle\caches\modules-2\files-2.1\com.netflix.ribbon\ribbon-httpclient\2.2.5\e2662937935d218f2c63105f6df39c3dfa0d06a1\ribbon-httpclient-2.2.5.jar;C:\Users\ryarraguntla\.gradle\caches\modules-2\files-2.1\com.netflix.ribbon\ribbon-transport\2.2.5\7c8e321322a98c72a36f4a81f84cafe21273c010\ribbon-transport-2.2.5.jar;C:\Users\ryarraguntla\.gradle\caches\modules-2\files-2.1\com.netflix.ribbon\ribbon-loadbalancer\2.2.5\5f713ef0b8d01580666face5e91d8c6af1daa468\ribbon-loadbalancer-2.2.5.jar;C:\Users\ryarraguntla\.gradle\caches\modules-2\files-2.1\com.netflix.ribbon\ribbon-core\2.2.5\80b6fe934799269073e69c5d7e67334459ef7e2e\ribbon-core-2.2.5.jar;C:\Users\ryarraguntla\.gradle\caches\modules-2\files-2.1\com.netflix.archaius\archaius-core\0.7.6\be0c1024d08ad68ec25f9f32b0e9df1ab7ecb45b\archaius-core-0.7.6.jar;C:\Users\ryarraguntla\.gradle\caches\modules-2\files-2.1\com.google.inject\guice\4.1.0\eeb69005da379a10071aa4948c48d89250febb07\guice-4.1.0.jar;C:\Users\ryarraguntla\.gradle\caches\modules-2\files-2.1\com.netflix.netflix-commons\netflix-infix\0.3.0\acc65969f7367ddd2f1265e0cd7330509ed530dc\netflix-infix-0.3.0.jar;C:\Users\ryarraguntla\.gradle\caches\modules-2\files-2.1\io.reactivex\rxnetty-servo\0.4.9\b7d6d6e132686c280f16710eaa3e90719f6808f8\rxnetty-servo-0.4.9.jar;C:\Users\ryarraguntla\.gradle\caches\modules-2\files-2.1\com.netflix.servo\servo-core\0.10.1\7461ed61647f9996c88ad822546ffc7851a45e0e\servo-core-0.10.1.jar;C:\Users\ryarraguntla\.gradle\caches\modules-2\files-2.1\com.netflix.servo\servo-internal\0.10.1\bb6f9cd7b309189bad01b93a806ba9d6cb5d915a\servo-internal-0.10.1.jar;C:\Users\ryarraguntla\.gradle\caches\modules-2\files-2.1\com.google.guava\guava\19.0\6ce200f6b23222af3d8abb6b6459e6c44f4bb0e9\guava-19.0.jar;C:\Users\ryarraguntla\.gradle\caches\modules-2\files-2.1\org.springframework.boot\spring-boot-test-autoconfigure\2.0.1.RELEASE\c7a68c07f2a04323a67740f91d20818ec2e783b3\spring-boot-test-autoconfigure-2.0.1.RELEASE.jar;C:\Users\ryarraguntla\.gradle\caches\modules-2\files-2.1\org.springframework.boot\spring-boot-test\2.0.1.RELEASE\77cede07b0e9da6c87d0dabcfe3e53ac56747d73\spring-boot-test-2.0.1.RELEASE.jar;C:\Users\ryarraguntla\.gradle\caches\modules-2\files-2.1\junit\junit\4.12\2973d150c0dc1fefe998f834810d68f278ea58ec\junit-4.12.jar;C:\Users\ryarraguntla\.gradle\caches\modules-2\files-2.1\org.assertj\assertj-core\3.9.1\c5ce126b15f28d56cd8f960c1a6a058b9c9aea87\assertj-core-3.9.1.jar;C:\Users\ryarraguntla\.gradle\caches\modules-2\files-2.1\org.mockito\mockito-core\2.15.0\b84bfbbc29cd22c9529409627af6ea2897f4fa85\mockito-core-2.15.0.jar;C:\Users\ryarraguntla\.gradle\caches\modules-2\files-2.1\org.hamcrest\hamcrest-library\1.3\4785a3c21320980282f9f33d0d1264a69040538f\hamcrest-library-1.3.jar;C:\Users\ryarraguntla\.gradle\caches\modules-2\files-2.1\org.hamcrest\hamcrest-core\1.3\42a25dc3219429f0e5d060061f71acb49bf010a0\hamcrest-core-1.3.jar;C:\Users\ryarraguntla\.gradle\caches\modules-2\files-2.1\org.skyscreamer\jsonassert\1.5.0\6c9d5fe2f59da598d9aefc1cfc6528ff3cf32df3\jsonassert-1.5.0.jar;C:\Users\ryarraguntla\.gradle\caches\modules-2\files-2.1\org.springframework\spring-test\5.0.5.RELEASE\f7e3b83447e54056a91de1294ae6888343648dff\spring-test-5.0.5.RELEASE.jar;C:\Users\ryarraguntla\.gradle\caches\modules-2\files-2.1\org.springframework.boot\spring-boot-autoconfigure\2.0.1.RELEASE\b0bf9d34ed70c6987a86cd58a009065e5fa02545\spring-boot-autoconfigure-2.0.1.RELEASE.jar;C:\Users\ryarraguntla\.gradle\caches\modules-2\files-2.1\org.springframework.boot\spring-boot\2.0.1.RELEASE\b8c5b14cbb0e52fdded8f98a8c1493cc74c7cf59\spring-boot-2.0.1.RELEASE.jar;C:\Users\ryarraguntla\.gradle\caches\modules-2\files-2.1\org.springframework\spring-context\5.0.5.RELEASE\9cca4bf5acb693249a01c218f471c677b951d6e2\spring-context-5.0.5.RELEASE.jar;C:\Users\ryarraguntla\.gradle\caches\modules-2\files-2.1\org.springframework\spring-expression\5.0.5.RELEASE\fc6c7a95aeb7d00f4c65c338b08d97767eb0dd99\spring-expression-5.0.5.RELEASE.jar;C:\Users\ryarraguntla\.gradle\caches\modules-2\files-2.1\org.springframework\spring-aop\5.0.5.RELEASE\b11b61b94d7fb752a1c9bf3461d655c3084fae47\spring-aop-5.0.5.RELEASE.jar;C:\Users\ryarraguntla\.gradle\caches\modules-2\files-2.1\org.springframework\spring-beans\5.0.5.RELEASE\984445863c0bbdaaf860615762d998b471a6bf92\spring-beans-5.0.5.RELEASE.jar;C:\Users\ryarraguntla\.gradle\caches\modules-2\files-2.1\org.springframework\spring-core\5.0.5.RELEASE\1bd9feb1d9dac6accd27f5244b6c47cfcb55045c\spring-core-5.0.5.RELEASE.jar;C:\Users\ryarraguntla\.gradle\caches\modules-2\files-2.1\org.xmlunit\xmlunit-core\2.5.1\4ffdb346572a7356f7521cd3119ce5287d2e339d\xmlunit-core-2.5.1.jar;C:\Users\ryarraguntla\.gradle\caches\modules-2\files-2.1\org.springframework.boot\spring-boot-starter-logging\2.0.1.RELEASE\10681a28c95e9f9c0159327a1ed0c860517c7ad7\spring-boot-starter-logging-2.0.1.RELEASE.jar;C:\Users\ryarraguntla\.gradle\caches\modules-2\files-2.1\javax.annotation\javax.annotation-api\1.3.2\934c04d3cfef185a8008e7bf34331b79730a9d43\javax.annotation-api-1.3.2.jar;C:\Users\ryarraguntla\.gradle\caches\modules-2\files-2.1\org.yaml\snakeyaml\1.19\2d998d3d674b172a588e54ab619854d073f555b5\snakeyaml-1.19.jar;C:\Users\ryarraguntla\.gradle\caches\modules-2\files-2.1\com.fasterxml.jackson.datatype\jackson-datatype-jdk8\2.9.3\75004a75b8a4d5927211141a679951d39999e6c4\jackson-datatype-jdk8-2.9.3.jar;C:\Users\ryarraguntla\.gradle\caches\modules-2\files-2.1\com.fasterxml.jackson.datatype\jackson-datatype-jsr310\2.9.3\7d739db3f7975d082acbbade17986d018dc473c2\jackson-datatype-jsr310-2.9.3.jar;C:\Users\ryarraguntla\.gradle\caches\modules-2\files-2.1\com.fasterxml.jackson.module\jackson-module-parameter-names\2.9.3\34c22452e76a4074ef47070c2f5e7a1f0ff95d7\jackson-module-parameter-names-2.9.3.jar;C:\Users\ryarraguntla\.gradle\caches\modules-2\files-2.1\com.fasterxml.jackson.core\jackson-databind\2.9.3\193b96ef555b2f2573b576887ba9a93e4bf48e8c\jackson-databind-2.9.3.jar;C:\Users\ryarraguntla\.gradle\caches\modules-2\files-2.1\org.apache.tomcat.embed\tomcat-embed-websocket\8.5.29\37786f4ca8a1597a91a0f437e659a76d1fcc5bf1\tomcat-embed-websocket-8.5.29.jar;C:\Users\ryarraguntla\.gradle\caches\modules-2\files-2.1\org.apache.tomcat.embed\tomcat-embed-core\8.5.29\51eac5adde4bc019261b787cb99e5548206908e6\tomcat-embed-core-8.5.29.jar;C:\Users\ryarraguntla\.gradle\caches\modules-2\files-2.1\org.apache.tomcat.embed\tomcat-embed-el\8.5.29\893fb2c87ec1aa248a7911d76c0c06b3fca6bc9b\tomcat-embed-el-8.5.29.jar;C:\Users\ryarraguntla\.gradle\caches\modules-2\files-2.1\javax.validation\validation-api\2.0.1.Final\cb855558e6271b1b32e716d24cb85c7f583ce09e\validation-api-2.0.1.Final.jar;C:\Users\ryarraguntla\.gradle\caches\modules-2\files-2.1\org.jboss.logging\jboss-logging\3.3.2.Final\3789d00e859632e6c6206adc0c71625559e6e3b0\jboss-logging-3.3.2.Final.jar;C:\Users\ryarraguntla\.gradle\caches\modules-2\files-2.1\com.fasterxml\classmate\1.3.4\3d5f48f10bbe4eb7bd862f10c0583be2e0053c6\classmate-1.3.4.jar;C:\Users\ryarraguntla\.gradle\caches\modules-2\files-2.1\org.springframework.cloud\spring-cloud-context\2.0.0.RC1\3796b40f5c6891591ccc2a64961b9b6c7d734e1e\spring-cloud-context-2.0.0.RC1.jar;C:\Users\ryarraguntla\.gradle\caches\modules-2\files-2.1\org.springframework.security\spring-security-rsa\1.0.5.RELEASE\31bd1111ada2f455eb0f492ed09e39deda18ca99\spring-security-rsa-1.0.5.RELEASE.jar;C:\Users\ryarraguntla\.gradle\caches\modules-2\files-2.1\org.codehaus.jettison\jettison\1.3.7\7d36a59a0577f11b12088b9e215d6860345b9e1d\jettison-1.3.7.jar;C:\Users\ryarraguntla\.gradle\caches\modules-2\files-2.1\com.sun.jersey.contribs\jersey-apache-client4\1.19.1\e1c45701a003097ace96bed4bc8fb937e9867498\jersey-apache-client4-1.19.1.jar;C:\Users\ryarraguntla\.gradle\caches\modules-2\files-2.1\com.sun.jersey\jersey-client\1.19.1\2df97ebd4e5c01599584c45caa3aeb563d268eef\jersey-client-1.19.1.jar;C:\Users\ryarraguntla\.gradle\caches\modules-2\files-2.1\com.sun.jersey\jersey-core\1.19.1\4282d106f2acd5051bd9bc2935ed9a2920c9385\jersey-core-1.19.1.jar;C:\Users\ryarraguntla\.gradle\caches\modules-2\files-2.1\javax.ws.rs\jsr311-api\1.1.1\59033da2a1afd56af1ac576750a8d0b1830d59e6\jsr311-api-1.1.1.jar;C:\Users\ryarraguntla\.gradle\caches\modules-2\files-2.1\org.apache.httpcomponents\httpclient\4.5.5\1603dfd56ebcd583ccdf337b6c3984ac55d89e58\httpclient-4.5.5.jar;C:\Users\ryarraguntla\.gradle\caches\modules-2\files-2.1\com.github.vlsi.compactmap\compactmap\1.2.1\27aec1f3162c14b8a1178bb5c75ab43b618308ef\compactmap-1.2.1.jar;C:\Users\ryarraguntla\.gradle\caches\modules-2\files-2.1\com.fasterxml.jackson.core\jackson-annotations\2.9.0\7c10d545325e3a6e72e06381afe469fd40eb701\jackson-annotations-2.9.0.jar;C:\Users\ryarraguntla\.gradle\caches\modules-2\files-2.1\com.fasterxml.jackson.core\jackson-core\2.9.3\ea9b6fc7bc3ccba9777b0827091f9aa1f8580371\jackson-core-2.9.3.jar;C:\Users\ryarraguntla\.gradle\caches\modules-2\files-2.1\org.codehaus.woodstox\woodstox-core-asl\4.4.1\84fee5eb1a4a1cefe65b6883c73b3fa83be3c1a1\woodstox-core-asl-4.4.1.jar;C:\Users\ryarraguntla\.gradle\caches\modules-2\files-2.1\org.springframework.cloud\spring-cloud-netflix-ribbon\2.0.0.RC1\d08be667e3cc3219ef4f215429a08eb242c75b80\spring-cloud-netflix-ribbon-2.0.0.RC1.jar;C:\Users\ryarraguntla\.gradle\caches\modules-2\files-2.1\org.springframework.cloud\spring-cloud-netflix-archaius\2.0.0.RC1\6d0e583bda2148d09deb9de705301762f3d344eb\spring-cloud-netflix-archaius-2.0.0.RC1.jar;C:\Users\ryarraguntla\.gradle\caches\modules-2\files-2.1\io.reactivex\rxnetty-contexts\0.4.9\6efe17a25602a5424c18ab975aa9c28b6d6b7f56\rxnetty-contexts-0.4.9.jar;C:\Users\ryarraguntla\.gradle\caches\modules-2\files-2.1\io.reactivex\rxnetty\0.4.9\5aff3c9d6bb9d9066c378bb3d2a4413ed1773bcf\rxnetty-0.4.9.jar;C:\Users\ryarraguntla\.gradle\caches\modules-2\files-2.1\io.reactivex\rxjava\1.2.0\42bfaf64c94f3848ebf5cf1c2ea4ec9d1b3ac6c8\rxjava-1.2.0.jar;C:\Users\ryarraguntla\.gradle\caches\modules-2\files-2.1\ch.qos.logback\logback-classic\1.2.3\7c4f3c474fb2c041d8028740440937705ebb473a\logback-classic-1.2.3.jar;C:\Users\ryarraguntla\.gradle\caches\modules-2\files-2.1\org.apache.logging.log4j\log4j-to-slf4j\2.10.0\f7e631ccf49cfc0aefa4a2a728da7d374c05bd3c\log4j-to-slf4j-2.10.0.jar;C:\Users\ryarraguntla\.gradle\caches\modules-2\files-2.1\org.slf4j\jul-to-slf4j\1.7.25\af5364cd6679bfffb114f0dec8a157aaa283b76\jul-to-slf4j-1.7.25.jar;C:\Users\ryarraguntla\.gradle\caches\modules-2\files-2.1\com.netflix.netflix-commons\netflix-commons-util\0.3.0\8a6ffc41308c300197918eff3df1a7447ddaf468\netflix-commons-util-0.3.0.jar;C:\Users\ryarraguntla\.gradle\caches\modules-2\files-2.1\com.netflix.netflix-commons\netflix-statistics\0.1.1\12f6e48253f9cafa0e24d7d232ff504c52143212\netflix-statistics-0.1.1.jar;C:\Users\ryarraguntla\.gradle\caches\modules-2\files-2.1\org.slf4j\slf4j-api\1.7.25\da76ca59f6a57ee3102f8f9bd9cee742973efa8a\slf4j-api-1.7.25.jar;C:\Users\ryarraguntla\.gradle\caches\modules-2\files-2.1\xmlpull\xmlpull\1.1.3.1\2b8e230d2ab644e4ecaa94db7cdedbc40c805dfa\xmlpull-1.1.3.1.jar;C:\Users\ryarraguntla\.gradle\caches\modules-2\files-2.1\xpp3\xpp3_min\1.1.4c\19d4e90b43059058f6e056f794f0ea4030d60b86\xpp3_min-1.1.4c.jar;C:\Users\ryarraguntla\.gradle\caches\modules-2\files-2.1\org.springframework.security\spring-security-crypto\5.0.4.RELEASE\6ad3fe82501c2d78b61ebc6f6c19ab8ab9092898\spring-security-crypto-5.0.4.RELEASE.jar;C:\Users\ryarraguntla\.gradle\caches\modules-2\files-2.1\org.hdrhistogram\HdrHistogram\2.1.9\e4631ce165eb400edecfa32e03d3f1be53dee754\HdrHistogram-2.1.9.jar;C:\Users\ryarraguntla\.gradle\caches\modules-2\files-2.1\net.bytebuddy\byte-buddy\1.7.11\f02857a4e2c66ccbe7aaad6100a0a6c461bce9b3\byte-buddy-1.7.11.jar;C:\Users\ryarraguntla\.gradle\caches\modules-2\files-2.1\net.bytebuddy\byte-buddy-agent\1.7.11\b425a8933ca07edd03c6dbc8bc3b595fba9780de\byte-buddy-agent-1.7.11.jar;C:\Users\ryarraguntla\.gradle\caches\modules-2\files-2.1\org.objenesis\objenesis\2.6\639033469776fd37c08358c6b92a4761feb2af4b\objenesis-2.6.jar;C:\Users\ryarraguntla\.gradle\caches\modules-2\files-2.1\com.vaadin.external.google\android-json\0.0.20131108.vaadin1\fa26d351fe62a6a17f5cda1287c1c6110dec413f\android-json-0.0.20131108.vaadin1.jar;C:\Users\ryarraguntla\.gradle\caches\modules-2\files-2.1\org.springframework\spring-jcl\5.0.5.RELEASE\f4a2854b9d865e8b86717595aec16f877f8c6489\spring-jcl-5.0.5.RELEASE.jar;C:\Users\ryarraguntla\.gradle\caches\modules-2\files-2.1\org.bouncycastle\bcpkix-jdk15on\1.56\4648af70268b6fdb24674fb1fd7c1fcc73db1231\bcpkix-jdk15on-1.56.jar;C:\Users\ryarraguntla\.gradle\caches\modules-2\files-2.1\stax\stax-api\1.0.1\49c100caf72d658aca8e58bd74a4ba90fa2b0d70\stax-api-1.0.1.jar;C:\Users\ryarraguntla\.gradle\caches\modules-2\files-2.1\org.apache.commons\commons-math\2.2\4877b85d388275f994a5cfc7eceb73a8045d3006\commons-math-2.2.jar;C:\Users\ryarraguntla\.gradle\caches\modules-2\files-2.1\commons-configuration\commons-configuration\1.8\6cce40435bcd8018018f16898de01976b319941a\commons-configuration-1.8.jar;C:\Users\ryarraguntla\.gradle\caches\modules-2\files-2.1\org.apache.httpcomponents\httpcore\4.4.9\a86ce739e5a7175b4b234c290a00a5fdb80957a0\httpcore-4.4.9.jar;C:\Users\ryarraguntla\.gradle\caches\modules-2\files-2.1\commons-codec\commons-codec\1.11\3acb4705652e16236558f0f4f2192cc33c3bd189\commons-codec-1.11.jar;C:\Users\ryarraguntla\.gradle\caches\modules-2\files-2.1\javax.inject\javax.inject\1\6975da39a7040257bd51d21a231b76c915872d38\javax.inject-1.jar;C:\Users\ryarraguntla\.gradle\caches\modules-2\files-2.1\aopalliance\aopalliance\1.0\235ba8b489512805ac13a8f9ea77a1ca5ebe3e8\aopalliance-1.0.jar;C:\Users\ryarraguntla\.gradle\caches\modules-2\files-2.1\com.github.andrewoma.dexx\dexx-collections\0.2\a1cff10827ee471c215a99585b99f00d3a602194\dexx-collections-0.2.jar;C:\Users\ryarraguntla\.gradle\caches\modules-2\files-2.1\javax.xml.stream\stax-api\1.0-2\d6337b0de8b25e53e81b922352fbea9f9f57ba0b\stax-api-1.0-2.jar;C:\Users\ryarraguntla\.gradle\caches\modules-2\files-2.1\org.codehaus.woodstox\stax2-api\3.1.4\ac19014b1e6a7c08aad07fe114af792676b685b7\stax2-api-3.1.4.jar;C:\Users\ryarraguntla\.gradle\caches\modules-2\files-2.1\commons-lang\commons-lang\2.6\ce1edb914c94ebc388f086c6827e8bdeec71ac2\commons-lang-2.6.jar;C:\Users\ryarraguntla\.gradle\caches\modules-2\files-2.1\commons-collections\commons-collections\3.2.2\8ad72fe39fa8c91eaaf12aadb21e0c3661fe26d5\commons-collections-3.2.2.jar;C:\Users\ryarraguntla\.gradle\caches\modules-2\files-2.1\ch.qos.logback\logback-core\1.2.3\864344400c3d4d92dfeb0a305dc87d953677c03c\logback-core-1.2.3.jar;C:\Users\ryarraguntla\.gradle\caches\modules-2\files-2.1\org.apache.logging.log4j\log4j-api\2.10.0\fec5797a55b786184a537abd39c3fa1449d752d6\log4j-api-2.10.0.jar;C:\Users\ryarraguntla\.gradle\caches\modules-2\files-2.1\org.bouncycastle\bcprov-jdk15on\1.56\a153c6f9744a3e9dd6feab5e210e1c9861362ec7\bcprov-jdk15on-1.56.jar;C:\Users\ryarraguntla\.gradle\caches\modules-2\files-2.1\commons-jxpath\commons-jxpath\1.3\c22d7d0f0f40eb7059a23cfa61773a416768b137\commons-jxpath-1.3.jar;C:\Users\ryarraguntla\.gradle\caches\modules-2\files-2.1\joda-time\joda-time\2.9.9\f7b520c458572890807d143670c9b24f4de90897\joda-time-2.9.9.jar;C:\Users\ryarraguntla\.gradle\caches\modules-2\files-2.1\org.antlr\antlr-runtime\3.4\8f011408269a8e42b8548687e137d8eeb56df4b4\antlr-runtime-3.4.jar;C:\Users\ryarraguntla\.gradle\caches\modules-2\files-2.1\com.google.code.gson\gson\2.8.2\3edcfe49d2c6053a70a2a47e4e1c2f94998a49cf\gson-2.8.2.jar;C:\Users\ryarraguntla\.gradle\caches\modules-2\files-2.1\io.netty\netty-codec-http\4.1.23.Final\47cc15932619fd831aaa67fb0968532636ab435a\netty-codec-http-4.1.23.Final.jar;C:\Users\ryarraguntla\.gradle\caches\modules-2\files-2.1\io.netty\netty-transport-native-epoll\4.1.23.Final\8a8ad56081c66bb74362d5cc0a3cd620874ef1da\netty-transport-native-epoll-4.1.23.Final.jar;C:\Users\ryarraguntla\.gradle\caches\modules-2\files-2.1\org.antlr\stringtemplate\3.2.1\59ec8083721eae215c6f3caee944c410d2be34de\stringtemplate-3.2.1.jar;C:\Users\ryarraguntla\.gradle\caches\modules-2\files-2.1\antlr\antlr\2.7.7\83cd2cd674a217ade95a4bb83a8a14f351f48bd0\antlr-2.7.7.jar;C:\Users\ryarraguntla\.gradle\caches\modules-2\files-2.1\io.netty\netty-codec\4.1.23.Final\d6599803bfefbe9a3e226702faade5df0cb678d1\netty-codec-4.1.23.Final.jar;C:\Users\ryarraguntla\.gradle\caches\modules-2\files-2.1\io.netty\netty-transport-native-unix-common\4.1.23.Final\acb1d48526d42a0376852d1c242d48112123e745\netty-transport-native-unix-common-4.1.23.Final.jar;C:\Users\ryarraguntla\.gradle\caches\modules-2\files-2.1\io.netty\netty-transport\4.1.23.Final\80dfcc723083e23058878ddbc33f5fb0ce9ec9e9\netty-transport-4.1.23.Final.jar;C:\Users\ryarraguntla\.gradle\caches\modules-2\files-2.1\io.netty\netty-buffer\4.1.23.Final\c6c0705bbd5d68aebc2d5fdd48e9dda8a8ad6d3\netty-buffer-4.1.23.Final.jar;C:\Users\ryarraguntla\.gradle\caches\modules-2\files-2.1\io.netty\netty-resolver\4.1.23.Final\19adaf9ad6833da7506cdccc7c6d16952f366fa5\netty-resolver-4.1.23.Final.jar;C:\Users\ryarraguntla\.gradle\caches\modules-2\files-2.1\io.netty\netty-common\4.1.23.Final\387b1b9d0441646a5cf84eace2b3e15dd07aca47\netty-common-4.1.23.Final.jar, user.name=ryarraguntla, java.vm.specification.version=1.8, sun.java.command=worker.org.gradle.process.internal.worker.GradleWorkerMain 'Gradle Test Executor 2', java.home=C:\Program Files\Java\jdk1.8.0_161\jre, sun.arch.data.model=64, user.language=en, java.specification.vendor=Oracle Corporation, awt.toolkit=sun.awt.windows.WToolkit, java.vm.info=mixed mode, java.version=1.8.0_161, java.ext.dirs=C:\Program Files\Java\jdk1.8.0_161\jre\lib\ext;C:\Windows\Sun\Java\lib\ext, sun.boot.class.path=C:\Program Files\Java\jdk1.8.0_161\jre\lib\resources.jar;C:\Program Files\Java\jdk1.8.0_161\jre\lib\rt.jar;C:\Program Files\Java\jdk1.8.0_161\jre\lib\sunrsasign.jar;C:\Program Files\Java\jdk1.8.0_161\jre\lib\jsse.jar;C:\Program Files\Java\jdk1.8.0_161\jre\lib\jce.jar;C:\Program Files\Java\jdk1.8.0_161\jre\lib\charsets.jar;C:\Program Files\Java\jdk1.8.0_161\jre\lib\jfr.jar;C:\Program Files\Java\jdk1.8.0_161\jre\classes, java.vendor=Oracle Corporation, org.gradle.test.worker=2, file.separator=\, java.vendor.url.bug=http://bugreport.sun.com/bugreport/, sun.io.unicode.encoding=UnicodeLittle, sun.cpu.endian=little, sun.desktop=windows, sun.cpu.isalist=amd64}}, SystemEnvironmentPropertySource@1803990531 {name='systemEnvironment', properties={USERDOMAIN_ROAMINGPROFILE=VIRTUSA, LOCALAPPDATA=C:\Users\ryarraguntla\AppData\Local, PROCESSOR_LEVEL=6, USERDOMAIN=VIRTUSA, FPS_BROWSER_APP_PROFILE_STRING=Internet Explorer, LOGONSERVER=\\WTVDC03, JAVA_HOME=C:\Program Files\Java\jdk1.8.0_161, SESSIONNAME=Console, ALLUSERSPROFILE=C:\ProgramData, PROCESSOR_ARCHITECTURE=AMD64, PSModulePath=C:\Program Files\WindowsPowerShell\Modules;C:\Windows\system32\WindowsPowerShell\v1.0\Modules, SystemDrive=C:, DEFLOGDIR=C:\ProgramData\McAfee\Endpoint Security\Logs, MAVEN_HOME=C:\Program Files\apache-maven-3.5.3, OneDrive=C:\Users\ryarraguntla\OneDrive - Virtusa, APPDATA=C:\Users\ryarraguntla\AppData\Roaming, USERNAME=ryarraguntla, USERDNSDOMAIN=VIRTUSA.COM, ProgramFiles(x86)=C:\Program Files (x86), CommonProgramFiles=C:\Program Files\Common Files, Path=C:/Program Files/Java/jre1.8.0_161/bin/server;C:/Program Files/Java/jre1.8.0_161/bin;C:/Program Files/Java/jre1.8.0_161/lib/amd64;C:\Program Files\Docker\Docker\Resources\bin;C:\ProgramData\Oracle\Java\javapath;C:\Program Files (x86)\Intel\Intel(R) Management Engine Components\iCLS\;C:\Program Files\Intel\Intel(R) Management Engine Components\iCLS\;C:\Windows\system32;C:\Windows;C:\Windows\System32\Wbem;C:\Windows\System32\WindowsPowerShell\v1.0\;C:\Windows\CCM;C:\Windows\CCM;C:\Program Files (x86)\Intel\Intel(R) Management Engine Components\DAL;C:\Program Files\Intel\Intel(R) Management Engine Components\DAL;C:\Program Files (x86)\Intel\Intel(R) Management Engine Components\IPT;C:\Program Files\Intel\Intel(R) Management Engine Components\IPT;C:\Program Files\Java\jdk1.8.0_161\bin;C:\Program Files\apache-maven-3.5.3\bin;C:\Gradle\gradle-4.5\bin;C:\Users\ryarraguntla\Downloads\Softwares\graphviz-2.38\release\\bin;C:\Users\ryarraguntla\Downloads\Softwares\spring-tool-suite-3.9.3\sts-bundle\sts-3.9.3.RELEASE;, FPS_BROWSER_USER_PROFILE_STRING=Default, PATHEXT=.COM;.EXE;.BAT;.CMD;.VBS;.VBE;.JS;.JSE;.WSF;.WSH;.MSC, OS=Windows_NT, COMPUTERNAME=WTLRYARRAGUNTLA, PROCESSOR_REVISION=8e09, CommonProgramW6432=C:\Program Files\Common Files, ComSpec=C:\Windows\system32\cmd.exe, UATDATA=C:\Windows\CCM\UATData\D9F8C395-CAB8-491d-B8AC-179A1FE1BE77, ProgramData=C:\ProgramData, ProgramW6432=C:\Program Files, HOMEPATH=\Users\ryarraguntla, SystemRoot=C:\Windows, TEMP=C:\Users\RYARRA~1\AppData\Local\Temp, HOMEDRIVE=C:, PROCESSOR_IDENTIFIER=Intel64 Family 6 Model 142 Stepping 9, GenuineIntel, USERPROFILE=C:\Users\ryarraguntla, TMP=C:\Users\RYARRA~1\AppData\Local\Temp, M2_HOME=C:\Program Files\apache-maven-3.5.3, CommonProgramFiles(x86)=C:\Program Files (x86)\Common Files, ProgramFiles=C:\Program Files, PUBLIC=C:\Users\Public, NUMBER_OF_PROCESSORS=4, windir=C:\Windows, GRAPHVIZ_HOME=C:\Users\ryarraguntla\Downloads\Softwares\graphviz-2.38\release\}}]
10:33:39.350 [Test worker] DEBUG org.springframework.core.io.support.PathMatchingResourcePatternResolver - Resolved classpath location [com/feignclient/] to resources [URL [file:/C:/Users/ryarraguntla/Downloads/Java_Practise/PNC_Assingment_0403/FeignClient/build/classes/java/test/com/feignclient/], URL [file:/C:/Users/ryarraguntla/Downloads/Java_Practise/PNC_Assingment_0403/FeignClient/build/classes/java/main/com/feignclient/]]
10:33:39.351 [Test worker] DEBUG org.springframework.core.io.support.PathMatchingResourcePatternResolver - Looking for matching resources in directory tree [C:\Users\ryarraguntla\Downloads\Java_Practise\PNC_Assingment_0403\FeignClient\build\classes\java\test\com\feignclient]
10:33:39.352 [Test worker] DEBUG org.springframework.core.io.support.PathMatchingResourcePatternResolver - Searching directory [C:\Users\ryarraguntla\Downloads\Java_Practise\PNC_Assingment_0403\FeignClient\build\classes\java\test\com\feignclient] for files matching pattern [C:/Users/ryarraguntla/Downloads/Java_Practise/PNC_Assingment_0403/FeignClient/build/classes/java/test/com/feignclient/*.class]
10:33:39.356 [Test worker] DEBUG org.springframework.core.io.support.PathMatchingResourcePatternResolver - Looking for matching resources in directory tree [C:\Users\ryarraguntla\Downloads\Java_Practise\PNC_Assingment_0403\FeignClient\build\classes\java\main\com\feignclient]
10:33:39.356 [Test worker] DEBUG org.springframework.core.io.support.PathMatchingResourcePatternResolver - Searching directory [C:\Users\ryarraguntla\Downloads\Java_Practise\PNC_Assingment_0403\FeignClient\build\classes\java\main\com\feignclient] for files matching pattern [C:/Users/ryarraguntla/Downloads/Java_Practise/PNC_Assingment_0403/FeignClient/build/classes/java/main/com/feignclient/*.class]
10:33:39.358 [Test worker] DEBUG org.springframework.core.io.support.PathMatchingResourcePatternResolver - Resolved location pattern [classpath*:com/feignclient/*.class] to resources [file [C:\Users\ryarraguntla\Downloads\Java_Practise\PNC_Assingment_0403\FeignClient\build\classes\java\test\com\feignclient\FeignClientApplicationTests.class], file [C:\Users\ryarraguntla\Downloads\Java_Practise\PNC_Assingment_0403\FeignClient\build\classes\java\main\com\feignclient\FeignClientApplication.class]]
10:33:39.452 [Test worker] DEBUG org.springframework.context.annotation.ClassPathScanningCandidateComponentProvider - Identified candidate component class: file [C:\Users\ryarraguntla\Downloads\Java_Practise\PNC_Assingment_0403\FeignClient\build\classes\java\main\com\feignclient\FeignClientApplication.class]
10:33:39.456 [Test worker] INFO org.springframework.boot.test.context.SpringBootTestContextBootstrapper - Found @SpringBootConfiguration com.feignclient.FeignClientApplication for test class com.feignclient.FeignClientApplicationTests
10:33:39.696 [Test worker] DEBUG org.springframework.boot.test.context.SpringBootTestContextBootstrapper - @TestExecutionListeners is not present for class [com.feignclient.FeignClientApplicationTests]: using defaults.
10:33:39.697 [Test worker] INFO org.springframework.boot.test.context.SpringBootTestContextBootstrapper - Loaded default TestExecutionListener class names from location [META-INF/spring.factories]: [org.springframework.boot.test.autoconfigure.restdocs.RestDocsTestExecutionListener, org.springframework.boot.test.autoconfigure.web.client.MockRestServiceServerResetTestExecutionListener, org.springframework.boot.test.autoconfigure.web.servlet.MockMvcPrintOnlyOnFailureTestExecutionListener, org.springframework.boot.test.autoconfigure.web.servlet.WebDriverTestExecutionListener, org.springframework.boot.test.mock.mockito.MockitoTestExecutionListener, org.springframework.boot.test.mock.mockito.ResetMocksTestExecutionListener, org.springframework.test.context.web.ServletTestExecutionListener, org.springframework.test.context.support.DirtiesContextBeforeModesTestExecutionListener, org.springframework.test.context.support.DependencyInjectionTestExecutionListener, org.springframework.test.context.support.DirtiesContextTestExecutionListener, org.springframework.test.context.transaction.TransactionalTestExecutionListener, org.springframework.test.context.jdbc.SqlScriptsTestExecutionListener]
10:33:39.748 [Test worker] DEBUG org.springframework.boot.test.context.SpringBootTestContextBootstrapper - Skipping candidate TestExecutionListener [org.springframework.test.context.transaction.TransactionalTestExecutionListener] due to a missing dependency. Specify custom listener classes or make the default listener classes and their required dependencies available. Offending class: [org/springframework/transaction/interceptor/TransactionAttributeSource]
10:33:39.750 [Test worker] DEBUG org.springframework.boot.test.context.SpringBootTestContextBootstrapper - Skipping candidate TestExecutionListener [org.springframework.test.context.jdbc.SqlScriptsTestExecutionListener] due to a missing dependency. Specify custom listener classes or make the default listener classes and their required dependencies available. Offending class: [org/springframework/transaction/interceptor/TransactionAttribute]
10:33:39.750 [Test worker] INFO org.springframework.boot.test.context.SpringBootTestContextBootstrapper - Using TestExecutionListeners: [org.springframework.test.context.web.ServletTestExecutionListener@47012ea4, org.springframework.test.context.support.DirtiesContextBeforeModesTestExecutionListener@e8e52ff, org.springframework.boot.test.mock.mockito.MockitoTestExecutionListener@64d3473d, org.springframework.boot.test.autoconfigure.SpringBootDependencyInjectionTestExecutionListener@6f08a15d, org.springframework.test.context.support.DirtiesContextTestExecutionListener@21b2d616, org.springframework.boot.test.autoconfigure.restdocs.RestDocsTestExecutionListener@5dd77175, org.springframework.boot.test.autoconfigure.web.client.MockRestServiceServerResetTestExecutionListener@23432f5d, org.springframework.boot.test.autoconfigure.web.servlet.MockMvcPrintOnlyOnFailureTestExecutionListener@96b7021, org.springframework.boot.test.autoconfigure.web.servlet.WebDriverTestExecutionListener@3e5e057c, org.springframework.boot.test.mock.mockito.ResetMocksTestExecutionListener@5864971b]
10:33:39.755 [Test worker] DEBUG org.springframework.test.annotation.ProfileValueUtils - Retrieved @ProfileValueSourceConfiguration [null] for test class [com.feignclient.FeignClientApplicationTests]
10:33:39.757 [Test worker] DEBUG org.springframework.test.annotation.ProfileValueUtils - Retrieved ProfileValueSource type [class org.springframework.test.annotation.SystemProfileValueSource] for class [com.feignclient.FeignClientApplicationTests]
10:33:39.758 [Test worker] DEBUG org.springframework.test.annotation.ProfileValueUtils - Retrieved @ProfileValueSourceConfiguration [null] for test class [com.feignclient.FeignClientApplicationTests]
10:33:39.758 [Test worker] DEBUG org.springframework.test.annotation.ProfileValueUtils - Retrieved ProfileValueSource type [class org.springframework.test.annotation.SystemProfileValueSource] for class [com.feignclient.FeignClientApplicationTests]
10:33:39.768 [Test worker] DEBUG org.springframework.test.context.support.AbstractDirtiesContextTestExecutionListener - Before test class: context [DefaultTestContext@2c689b1b testClass = FeignClientApplicationTests, testInstance = [null], testMethod = [null], testException = [null], mergedContextConfiguration = [WebMergedContextConfiguration@15eb9cd2 testClass = FeignClientApplicationTests, locations = '{}', classes = '{class com.feignclient.FeignClientApplication}', contextInitializerClasses = '[]', activeProfiles = '{}', propertySourceLocations = '{}', propertySourceProperties = '{org.springframework.boot.test.context.SpringBootTestContextBootstrapper=true}', contextCustomizers = set[org.springframework.boot.test.autoconfigure.properties.PropertyMappingContextCustomizer@0, org.springframework.boot.test.autoconfigure.web.servlet.WebDriverContextCustomizerFactory$Customizer@7089a264, org.springframework.boot.test.context.filter.ExcludeFilterContextCustomizer@40b76f7e, org.springframework.boot.test.json.DuplicateJsonObjectContextCustomizerFactory$DuplicateJsonObjectContextCustomizer@6dc75e0, org.springframework.boot.test.mock.mockito.MockitoContextCustomizer@0, org.springframework.boot.test.web.client.TestRestTemplateContextCustomizer@1b70b1e], resourceBasePath = 'src/main/webapp', contextLoader = 'org.springframework.boot.test.context.SpringBootContextLoader', parent = [null]], attributes = map['org.springframework.test.context.web.ServletTestExecutionListener.activateListener' -> true]], class annotated with @DirtiesContext [false] with mode [null].
10:33:39.769 [Test worker] DEBUG org.springframework.test.annotation.ProfileValueUtils - Retrieved @ProfileValueSourceConfiguration [null] for test class [com.feignclient.FeignClientApplicationTests]
10:33:39.770 [Test worker] DEBUG org.springframework.test.annotation.ProfileValueUtils - Retrieved ProfileValueSource type [class org.springframework.test.annotation.SystemProfileValueSource] for class [com.feignclient.FeignClientApplicationTests]
10:33:39.820 [Test worker] DEBUG org.springframework.core.env.StandardEnvironment - Adding PropertySource 'systemProperties' with lowest search precedence
10:33:39.820 [Test worker] DEBUG org.springframework.core.env.StandardEnvironment - Adding PropertySource 'systemEnvironment' with lowest search precedence
10:33:39.821 [Test worker] DEBUG org.springframework.core.env.StandardEnvironment - Initialized StandardEnvironment with PropertySources [MapPropertySource@1968342458 {name='systemProperties', properties={java.runtime.name=Java(TM) SE Runtime Environment, sun.boot.library.path=C:\Program Files\Java\jdk1.8.0_161\jre\bin, java.vm.version=25.161-b12, java.vm.vendor=Oracle Corporation, java.vendor.url=http://java.oracle.com/, path.separator=;, java.vm.name=Java HotSpot(TM) 64-Bit Server VM, file.encoding.pkg=sun.io, user.script=, sun.java.launcher=SUN_STANDARD, user.country=US, sun.os.patch.level=, java.vm.specification.name=Java Virtual Machine Specification, user.dir=C:\Users\ryarraguntla\Downloads\Java_Practise\PNC_Assingment_0403\FeignClient, java.runtime.version=1.8.0_161-b12, java.awt.graphicsenv=sun.awt.Win32GraphicsEnvironment, java.endorsed.dirs=C:\Program Files\Java\jdk1.8.0_161\jre\lib\endorsed, os.arch=amd64, java.io.tmpdir=C:\Users\RYARRA~1\AppData\Local\Temp\, line.separator=
, java.vm.specification.vendor=Oracle Corporation, user.variant=, os.name=Windows 10, sun.jnu.encoding=Cp1252, java.library.path=C:\Program Files\Java\jdk1.8.0_161\bin;C:\Windows\Sun\Java\bin;C:\Windows\system32;C:\Windows;C:/Program Files/Java/jre1.8.0_161/bin/server;C:/Program Files/Java/jre1.8.0_161/bin;C:/Program Files/Java/jre1.8.0_161/lib/amd64;C:\Program Files\Docker\Docker\Resources\bin;C:\ProgramData\Oracle\Java\javapath;C:\Program Files (x86)\Intel\Intel(R) Management Engine Components\iCLS\;C:\Program Files\Intel\Intel(R) Management Engine Components\iCLS\;C:\Windows\system32;C:\Windows;C:\Windows\System32\Wbem;C:\Windows\System32\WindowsPowerShell\v1.0\;C:\Windows\CCM;C:\Windows\CCM;C:\Program Files (x86)\Intel\Intel(R) Management Engine Components\DAL;C:\Program Files\Intel\Intel(R) Management Engine Components\DAL;C:\Program Files (x86)\Intel\Intel(R) Management Engine Components\IPT;C:\Program Files\Intel\Intel(R) Management Engine Components\IPT;C:\Program Files\Java\jdk1.8.0_161\bin;C:\Program Files\apache-maven-3.5.3\bin;C:\Gradle\gradle-4.5\bin;C:\Users\ryarraguntla\Downloads\Softwares\graphviz-2.38\release\\bin;C:\Users\ryarraguntla\Downloads\Softwares\spring-tool-suite-3.9.3\sts-bundle\sts-3.9.3.RELEASE;;., java.specification.name=Java Platform API Specification, java.class.version=52.0, org.gradle.native=false, sun.management.compiler=HotSpot 64-Bit Tiered Compilers, os.version=10.0, user.home=C:\Users\ryarraguntla, user.timezone=America/New_York, java.awt.printerjob=sun.awt.windows.WPrinterJob, file.encoding=windows-1252, java.specification.version=1.8, java.class.path=C:\Users\ryarraguntla\Downloads\Java_Practise\PNC_Assingment_0403\FeignClient\build\classes\java\test;C:\Users\ryarraguntla\Downloads\Java_Practise\PNC_Assingment_0403\FeignClient\build\resources\test;C:\Users\ryarraguntla\Downloads\Java_Practise\PNC_Assingment_0403\FeignClient\build\classes\java\main;C:\Users\ryarraguntla\Downloads\Java_Practise\PNC_Assingment_0403\FeignClient\build\resources\main;C:\Users\ryarraguntla\.gradle\caches\modules-2\files-2.1\org.springframework.boot\spring-boot-starter-web\2.0.1.RELEASE\88751ed76791d12425ce5a80476baf1749a44cf4\spring-boot-starter-web-2.0.1.RELEASE.jar;C:\Users\ryarraguntla\.gradle\caches\modules-2\files-2.1\org.springframework.cloud\spring-cloud-starter-netflix-eureka-client\2.0.0.RC1\b3d0d44ba758498f68f0b126b85a04618a138a29\spring-cloud-starter-netflix-eureka-client-2.0.0.RC1.jar;C:\Users\ryarraguntla\.gradle\caches\modules-2\files-2.1\org.springframework.cloud\spring-cloud-starter-openfeign\2.0.0.RC1\14743832fba4382e20cd8a93aaf70f8c3264d98a\spring-cloud-starter-openfeign-2.0.0.RC1.jar;C:\Users\ryarraguntla\.gradle\caches\modules-2\files-2.1\com.netflix.hystrix\hystrix-javanica\1.5.12\5e4d888e0dba811e8ac3a9dbc8cbcc511734ace4\hystrix-javanica-1.5.12.jar;C:\Users\ryarraguntla\.gradle\caches\modules-2\files-2.1\org.springframework.boot\spring-boot-starter-test\2.0.1.RELEASE\d6204ede44fa7e1df01d25509837bfa4b767fa28\spring-boot-starter-test-2.0.1.RELEASE.jar;C:\Users\ryarraguntla\.gradle\caches\modules-2\files-2.1\org.springframework.boot\spring-boot-starter-json\2.0.1.RELEASE\f2e1aeeb1ac02bfa1b4f7254633484af1866fc65\spring-boot-starter-json-2.0.1.RELEASE.jar;C:\Users\ryarraguntla\.gradle\caches\modules-2\files-2.1\org.springframework.cloud\spring-cloud-starter-netflix-ribbon\2.0.0.RC1\d4249fa658bc90b79e23365f1df11d0b475adc6c\spring-cloud-starter-netflix-ribbon-2.0.0.RC1.jar;C:\Users\ryarraguntla\.gradle\caches\modules-2\files-2.1\org.springframework.cloud\spring-cloud-starter-netflix-archaius\2.0.0.RC1\ff15f49ab69a1bd5d2da6156dcbf1b14cf91ebd0\spring-cloud-starter-netflix-archaius-2.0.0.RC1.jar;C:\Users\ryarraguntla\.gradle\caches\modules-2\files-2.1\org.springframework.cloud\spring-cloud-starter\2.0.0.RC1\faad89078a2a46f61db46680024322932c1a0bfd\spring-cloud-starter-2.0.0.RC1.jar;C:\Users\ryarraguntla\.gradle\caches\modules-2\files-2.1\org.springframework.cloud\spring-cloud-netflix-eureka-client\2.0.0.RC1\ada5aed3ba4412253254580095357c741d8cb7f1\spring-cloud-netflix-eureka-client-2.0.0.RC1.jar;C:\Users\ryarraguntla\.gradle\caches\modules-2\files-2.1\org.springframework.cloud\spring-cloud-netflix-core\2.0.0.RC1\b4dd4e81041c36760fa0eb9f3d6eddf089bec586\spring-cloud-netflix-core-2.0.0.RC1.jar;C:\Users\ryarraguntla\.gradle\caches\modules-2\files-2.1\org.springframework.cloud\spring-cloud-openfeign-core\2.0.0.RC1\719ff64523f3e1bd5354407f1f31a1b1ee70c50a\spring-cloud-openfeign-core-2.0.0.RC1.jar;C:\Users\ryarraguntla\.gradle\caches\modules-2\files-2.1\org.springframework.boot\spring-boot-starter-aop\2.0.1.RELEASE\c7f7b5b5e63edca2fb04899d13d8bad83377b4b3\spring-boot-starter-aop-2.0.1.RELEASE.jar;C:\Users\ryarraguntla\.gradle\caches\modules-2\files-2.1\org.springframework.boot\spring-boot-starter\2.0.1.RELEASE\33abc1286b0aabea4f08ff4285d09e587835a716\spring-boot-starter-2.0.1.RELEASE.jar;C:\Users\ryarraguntla\.gradle\caches\modules-2\files-2.1\org.springframework.boot\spring-boot-starter-tomcat\2.0.1.RELEASE\4b46f4aaff6c8a5a1c8184996d5e9e8a9354db8d\spring-boot-starter-tomcat-2.0.1.RELEASE.jar;C:\Users\ryarraguntla\.gradle\caches\modules-2\files-2.1\org.hibernate.validator\hibernate-validator\6.0.9.Final\b149e4cce82379f11f6129eb3187ca8ae5404005\hibernate-validator-6.0.9.Final.jar;C:\Users\ryarraguntla\.gradle\caches\modules-2\files-2.1\org.springframework\spring-webmvc\5.0.5.RELEASE\a7fd53c7ad06b0fa7dd4ff347de1b2dc508739e\spring-webmvc-5.0.5.RELEASE.jar;C:\Users\ryarraguntla\.gradle\caches\modules-2\files-2.1\org.springframework\spring-web\5.0.5.RELEASE\d51dbb5cabe72ae02e400577bac48f7fc94088de\spring-web-5.0.5.RELEASE.jar;C:\Users\ryarraguntla\.gradle\caches\modules-2\files-2.1\com.netflix.eureka\eureka-core\1.8.8\e3f50879f33805ef676b0701c8b131ecab85e047\eureka-core-1.8.8.jar;C:\Users\ryarraguntla\.gradle\caches\modules-2\files-2.1\com.netflix.ribbon\ribbon-eureka\2.2.5\58016757f3ed6e98c0c1ca1f37d7855a2409551b\ribbon-eureka-2.2.5.jar;C:\Users\ryarraguntla\.gradle\caches\modules-2\files-2.1\com.netflix.eureka\eureka-client\1.8.8\cd47fa3794ed79d5a330010cb36e293a4c268c9c\eureka-client-1.8.8.jar;C:\Users\ryarraguntla\.gradle\caches\modules-2\files-2.1\com.thoughtworks.xstream\xstream\1.4.10\dfecae23647abc9d9fd0416629a4213a3882b101\xstream-1.4.10.jar;C:\Users\ryarraguntla\.gradle\caches\modules-2\files-2.1\org.springframework.cloud\spring-cloud-commons\2.0.0.RC1\acd643839f27c5c515ad1b4a68437d42179b6751\spring-cloud-commons-2.0.0.RC1.jar;C:\Users\ryarraguntla\.gradle\caches\modules-2\files-2.1\io.github.openfeign\feign-slf4j\9.5.1\4770c5f4ad5d9014c161a86ff67891f81af409f1\feign-slf4j-9.5.1.jar;C:\Users\ryarraguntla\.gradle\caches\modules-2\files-2.1\io.github.openfeign\feign-hystrix\9.5.1\f9efeb59ff2380447dc75863eb7e4ecf054891c\feign-hystrix-9.5.1.jar;C:\Users\ryarraguntla\.gradle\caches\modules-2\files-2.1\io.github.openfeign\feign-java8\9.5.1\598f938d41e60e87e4a9f6f859c7254645d8877c\feign-java8-9.5.1.jar;C:\Users\ryarraguntla\.gradle\caches\modules-2\files-2.1\io.github.openfeign\feign-core\9.5.1\590613b1bd18ec0396391fb259e00b7d685ee3e6\feign-core-9.5.1.jar;C:\Users\ryarraguntla\.gradle\caches\modules-2\files-2.1\org.apache.commons\commons-lang3\3.7\557edd918fd41f9260963583ebf5a61a43a6b423\commons-lang3-3.7.jar;C:\Users\ryarraguntla\.gradle\caches\modules-2\files-2.1\com.jayway.jsonpath\json-path\2.4.0\765a4401ceb2dc8d40553c2075eb80a8fa35c2ae\json-path-2.4.0.jar;C:\Users\ryarraguntla\.gradle\caches\modules-2\files-2.1\net.minidev\json-smart\2.3\7396407491352ce4fa30de92efb158adb76b5b\json-smart-2.3.jar;C:\Users\ryarraguntla\.gradle\caches\modules-2\files-2.1\net.minidev\accessors-smart\1.2\c592b500269bfde36096641b01238a8350f8aa31\accessors-smart-1.2.jar;C:\Users\ryarraguntla\.gradle\caches\modules-2\files-2.1\org.ow2.asm\asm\5.0.4\da08b8cce7bbf903602a25a3a163ae252435795\asm-5.0.4.jar;C:\Users\ryarraguntla\.gradle\caches\modules-2\files-2.1\com.netflix.ribbon\ribbon\2.2.5\3f97c8acfc68c35012f00d10b9ac63fc8f48d790\ribbon-2.2.5.jar;C:\Users\ryarraguntla\.gradle\caches\modules-2\files-2.1\com.netflix.hystrix\hystrix-core\1.5.12\75379b6671fcaa9cec33035df684a68ec7741ca6\hystrix-core-1.5.12.jar;C:\Users\ryarraguntla\.gradle\caches\modules-2\files-2.1\org.aspectj\aspectjweaver\1.8.13\ad94df2a28d658a40dc27bbaff6a1ce5fbf04e9b\aspectjweaver-1.8.13.jar;C:\Users\ryarraguntla\.gradle\caches\modules-2\files-2.1\com.netflix.netflix-commons\netflix-eventbus\0.3.0\3f864adbe81f0849729fcbba3fe693c32be739ea\netflix-eventbus-0.3.0.jar;C:\Users\ryarraguntla\.gradle\caches\modules-2\files-2.1\com.netflix.ribbon\ribbon-httpclient\2.2.5\e2662937935d218f2c63105f6df39c3dfa0d06a1\ribbon-httpclient-2.2.5.jar;C:\Users\ryarraguntla\.gradle\caches\modules-2\files-2.1\com.netflix.ribbon\ribbon-transport\2.2.5\7c8e321322a98c72a36f4a81f84cafe21273c010\ribbon-transport-2.2.5.jar;C:\Users\ryarraguntla\.gradle\caches\modules-2\files-2.1\com.netflix.ribbon\ribbon-loadbalancer\2.2.5\5f713ef0b8d01580666face5e91d8c6af1daa468\ribbon-loadbalancer-2.2.5.jar;C:\Users\ryarraguntla\.gradle\caches\modules-2\files-2.1\com.netflix.ribbon\ribbon-core\2.2.5\80b6fe934799269073e69c5d7e67334459ef7e2e\ribbon-core-2.2.5.jar;C:\Users\ryarraguntla\.gradle\caches\modules-2\files-2.1\com.netflix.archaius\archaius-core\0.7.6\be0c1024d08ad68ec25f9f32b0e9df1ab7ecb45b\archaius-core-0.7.6.jar;C:\Users\ryarraguntla\.gradle\caches\modules-2\files-2.1\com.google.inject\guice\4.1.0\eeb69005da379a10071aa4948c48d89250febb07\guice-4.1.0.jar;C:\Users\ryarraguntla\.gradle\caches\modules-2\files-2.1\com.netflix.netflix-commons\netflix-infix\0.3.0\acc65969f7367ddd2f1265e0cd7330509ed530dc\netflix-infix-0.3.0.jar;C:\Users\ryarraguntla\.gradle\caches\modules-2\files-2.1\io.reactivex\rxnetty-servo\0.4.9\b7d6d6e132686c280f16710eaa3e90719f6808f8\rxnetty-servo-0.4.9.jar;C:\Users\ryarraguntla\.gradle\caches\modules-2\files-2.1\com.netflix.servo\servo-core\0.10.1\7461ed61647f9996c88ad822546ffc7851a45e0e\servo-core-0.10.1.jar;C:\Users\ryarraguntla\.gradle\caches\modules-2\files-2.1\com.netflix.servo\servo-internal\0.10.1\bb6f9cd7b309189bad01b93a806ba9d6cb5d915a\servo-internal-0.10.1.jar;C:\Users\ryarraguntla\.gradle\caches\modules-2\files-2.1\com.google.guava\guava\19.0\6ce200f6b23222af3d8abb6b6459e6c44f4bb0e9\guava-19.0.jar;C:\Users\ryarraguntla\.gradle\caches\modules-2\files-2.1\org.springframework.boot\spring-boot-test-autoconfigure\2.0.1.RELEASE\c7a68c07f2a04323a67740f91d20818ec2e783b3\spring-boot-test-autoconfigure-2.0.1.RELEASE.jar;C:\Users\ryarraguntla\.gradle\caches\modules-2\files-2.1\org.springframework.boot\spring-boot-test\2.0.1.RELEASE\77cede07b0e9da6c87d0dabcfe3e53ac56747d73\spring-boot-test-2.0.1.RELEASE.jar;C:\Users\ryarraguntla\.gradle\caches\modules-2\files-2.1\junit\junit\4.12\2973d150c0dc1fefe998f834810d68f278ea58ec\junit-4.12.jar;C:\Users\ryarraguntla\.gradle\caches\modules-2\files-2.1\org.assertj\assertj-core\3.9.1\c5ce126b15f28d56cd8f960c1a6a058b9c9aea87\assertj-core-3.9.1.jar;C:\Users\ryarraguntla\.gradle\caches\modules-2\files-2.1\org.mockito\mockito-core\2.15.0\b84bfbbc29cd22c9529409627af6ea2897f4fa85\mockito-core-2.15.0.jar;C:\Users\ryarraguntla\.gradle\caches\modules-2\files-2.1\org.hamcrest\hamcrest-library\1.3\4785a3c21320980282f9f33d0d1264a69040538f\hamcrest-library-1.3.jar;C:\Users\ryarraguntla\.gradle\caches\modules-2\files-2.1\org.hamcrest\hamcrest-core\1.3\42a25dc3219429f0e5d060061f71acb49bf010a0\hamcrest-core-1.3.jar;C:\Users\ryarraguntla\.gradle\caches\modules-2\files-2.1\org.skyscreamer\jsonassert\1.5.0\6c9d5fe2f59da598d9aefc1cfc6528ff3cf32df3\jsonassert-1.5.0.jar;C:\Users\ryarraguntla\.gradle\caches\modules-2\files-2.1\org.springframework\spring-test\5.0.5.RELEASE\f7e3b83447e54056a91de1294ae6888343648dff\spring-test-5.0.5.RELEASE.jar;C:\Users\ryarraguntla\.gradle\caches\modules-2\files-2.1\org.springframework.boot\spring-boot-autoconfigure\2.0.1.RELEASE\b0bf9d34ed70c6987a86cd58a009065e5fa02545\spring-boot-autoconfigure-2.0.1.RELEASE.jar;C:\Users\ryarraguntla\.gradle\caches\modules-2\files-2.1\org.springframework.boot\spring-boot\2.0.1.RELEASE\b8c5b14cbb0e52fdded8f98a8c1493cc74c7cf59\spring-boot-2.0.1.RELEASE.jar;C:\Users\ryarraguntla\.gradle\caches\modules-2\files-2.1\org.springframework\spring-context\5.0.5.RELEASE\9cca4bf5acb693249a01c218f471c677b951d6e2\spring-context-5.0.5.RELEASE.jar;C:\Users\ryarraguntla\.gradle\caches\modules-2\files-2.1\org.springframework\spring-expression\5.0.5.RELEASE\fc6c7a95aeb7d00f4c65c338b08d97767eb0dd99\spring-expression-5.0.5.RELEASE.jar;C:\Users\ryarraguntla\.gradle\caches\modules-2\files-2.1\org.springframework\spring-aop\5.0.5.RELEASE\b11b61b94d7fb752a1c9bf3461d655c3084fae47\spring-aop-5.0.5.RELEASE.jar;C:\Users\ryarraguntla\.gradle\caches\modules-2\files-2.1\org.springframework\spring-beans\5.0.5.RELEASE\984445863c0bbdaaf860615762d998b471a6bf92\spring-beans-5.0.5.RELEASE.jar;C:\Users\ryarraguntla\.gradle\caches\modules-2\files-2.1\org.springframework\spring-core\5.0.5.RELEASE\1bd9feb1d9dac6accd27f5244b6c47cfcb55045c\spring-core-5.0.5.RELEASE.jar;C:\Users\ryarraguntla\.gradle\caches\modules-2\files-2.1\org.xmlunit\xmlunit-core\2.5.1\4ffdb346572a7356f7521cd3119ce5287d2e339d\xmlunit-core-2.5.1.jar;C:\Users\ryarraguntla\.gradle\caches\modules-2\files-2.1\org.springframework.boot\spring-boot-starter-logging\2.0.1.RELEASE\10681a28c95e9f9c0159327a1ed0c860517c7ad7\spring-boot-starter-logging-2.0.1.RELEASE.jar;C:\Users\ryarraguntla\.gradle\caches\modules-2\files-2.1\javax.annotation\javax.annotation-api\1.3.2\934c04d3cfef185a8008e7bf34331b79730a9d43\javax.annotation-api-1.3.2.jar;C:\Users\ryarraguntla\.gradle\caches\modules-2\files-2.1\org.yaml\snakeyaml\1.19\2d998d3d674b172a588e54ab619854d073f555b5\snakeyaml-1.19.jar;C:\Users\ryarraguntla\.gradle\caches\modules-2\files-2.1\com.fasterxml.jackson.datatype\jackson-datatype-jdk8\2.9.3\75004a75b8a4d5927211141a679951d39999e6c4\jackson-datatype-jdk8-2.9.3.jar;C:\Users\ryarraguntla\.gradle\caches\modules-2\files-2.1\com.fasterxml.jackson.datatype\jackson-datatype-jsr310\2.9.3\7d739db3f7975d082acbbade17986d018dc473c2\jackson-datatype-jsr310-2.9.3.jar;C:\Users\ryarraguntla\.gradle\caches\modules-2\files-2.1\com.fasterxml.jackson.module\jackson-module-parameter-names\2.9.3\34c22452e76a4074ef47070c2f5e7a1f0ff95d7\jackson-module-parameter-names-2.9.3.jar;C:\Users\ryarraguntla\.gradle\caches\modules-2\files-2.1\com.fasterxml.jackson.core\jackson-databind\2.9.3\193b96ef555b2f2573b576887ba9a93e4bf48e8c\jackson-databind-2.9.3.jar;C:\Users\ryarraguntla\.gradle\caches\modules-2\files-2.1\org.apache.tomcat.embed\tomcat-embed-websocket\8.5.29\37786f4ca8a1597a91a0f437e659a76d1fcc5bf1\tomcat-embed-websocket-8.5.29.jar;C:\Users\ryarraguntla\.gradle\caches\modules-2\files-2.1\org.apache.tomcat.embed\tomcat-embed-core\8.5.29\51eac5adde4bc019261b787cb99e5548206908e6\tomcat-embed-core-8.5.29.jar;C:\Users\ryarraguntla\.gradle\caches\modules-2\files-2.1\org.apache.tomcat.embed\tomcat-embed-el\8.5.29\893fb2c87ec1aa248a7911d76c0c06b3fca6bc9b\tomcat-embed-el-8.5.29.jar;C:\Users\ryarraguntla\.gradle\caches\modules-2\files-2.1\javax.validation\validation-api\2.0.1.Final\cb855558e6271b1b32e716d24cb85c7f583ce09e\validation-api-2.0.1.Final.jar;C:\Users\ryarraguntla\.gradle\caches\modules-2\files-2.1\org.jboss.logging\jboss-logging\3.3.2.Final\3789d00e859632e6c6206adc0c71625559e6e3b0\jboss-logging-3.3.2.Final.jar;C:\Users\ryarraguntla\.gradle\caches\modules-2\files-2.1\com.fasterxml\classmate\1.3.4\3d5f48f10bbe4eb7bd862f10c0583be2e0053c6\classmate-1.3.4.jar;C:\Users\ryarraguntla\.gradle\caches\modules-2\files-2.1\org.springframework.cloud\spring-cloud-context\2.0.0.RC1\3796b40f5c6891591ccc2a64961b9b6c7d734e1e\spring-cloud-context-2.0.0.RC1.jar;C:\Users\ryarraguntla\.gradle\caches\modules-2\files-2.1\org.springframework.security\spring-security-rsa\1.0.5.RELEASE\31bd1111ada2f455eb0f492ed09e39deda18ca99\spring-security-rsa-1.0.5.RELEASE.jar;C:\Users\ryarraguntla\.gradle\caches\modules-2\files-2.1\org.codehaus.jettison\jettison\1.3.7\7d36a59a0577f11b12088b9e215d6860345b9e1d\jettison-1.3.7.jar;C:\Users\ryarraguntla\.gradle\caches\modules-2\files-2.1\com.sun.jersey.contribs\jersey-apache-client4\1.19.1\e1c45701a003097ace96bed4bc8fb937e9867498\jersey-apache-client4-1.19.1.jar;C:\Users\ryarraguntla\.gradle\caches\modules-2\files-2.1\com.sun.jersey\jersey-client\1.19.1\2df97ebd4e5c01599584c45caa3aeb563d268eef\jersey-client-1.19.1.jar;C:\Users\ryarraguntla\.gradle\caches\modules-2\files-2.1\com.sun.jersey\jersey-core\1.19.1\4282d106f2acd5051bd9bc2935ed9a2920c9385\jersey-core-1.19.1.jar;C:\Users\ryarraguntla\.gradle\caches\modules-2\files-2.1\javax.ws.rs\jsr311-api\1.1.1\59033da2a1afd56af1ac576750a8d0b1830d59e6\jsr311-api-1.1.1.jar;C:\Users\ryarraguntla\.gradle\caches\modules-2\files-2.1\org.apache.httpcomponents\httpclient\4.5.5\1603dfd56ebcd583ccdf337b6c3984ac55d89e58\httpclient-4.5.5.jar;C:\Users\ryarraguntla\.gradle\caches\modules-2\files-2.1\com.github.vlsi.compactmap\compactmap\1.2.1\27aec1f3162c14b8a1178bb5c75ab43b618308ef\compactmap-1.2.1.jar;C:\Users\ryarraguntla\.gradle\caches\modules-2\files-2.1\com.fasterxml.jackson.core\jackson-annotations\2.9.0\7c10d545325e3a6e72e06381afe469fd40eb701\jackson-annotations-2.9.0.jar;C:\Users\ryarraguntla\.gradle\caches\modules-2\files-2.1\com.fasterxml.jackson.core\jackson-core\2.9.3\ea9b6fc7bc3ccba9777b0827091f9aa1f8580371\jackson-core-2.9.3.jar;C:\Users\ryarraguntla\.gradle\caches\modules-2\files-2.1\org.codehaus.woodstox\woodstox-core-asl\4.4.1\84fee5eb1a4a1cefe65b6883c73b3fa83be3c1a1\woodstox-core-asl-4.4.1.jar;C:\Users\ryarraguntla\.gradle\caches\modules-2\files-2.1\org.springframework.cloud\spring-cloud-netflix-ribbon\2.0.0.RC1\d08be667e3cc3219ef4f215429a08eb242c75b80\spring-cloud-netflix-ribbon-2.0.0.RC1.jar;C:\Users\ryarraguntla\.gradle\caches\modules-2\files-2.1\org.springframework.cloud\spring-cloud-netflix-archaius\2.0.0.RC1\6d0e583bda2148d09deb9de705301762f3d344eb\spring-cloud-netflix-archaius-2.0.0.RC1.jar;C:\Users\ryarraguntla\.gradle\caches\modules-2\files-2.1\io.reactivex\rxnetty-contexts\0.4.9\6efe17a25602a5424c18ab975aa9c28b6d6b7f56\rxnetty-contexts-0.4.9.jar;C:\Users\ryarraguntla\.gradle\caches\modules-2\files-2.1\io.reactivex\rxnetty\0.4.9\5aff3c9d6bb9d9066c378bb3d2a4413ed1773bcf\rxnetty-0.4.9.jar;C:\Users\ryarraguntla\.gradle\caches\modules-2\files-2.1\io.reactivex\rxjava\1.2.0\42bfaf64c94f3848ebf5cf1c2ea4ec9d1b3ac6c8\rxjava-1.2.0.jar;C:\Users\ryarraguntla\.gradle\caches\modules-2\files-2.1\ch.qos.logback\logback-classic\1.2.3\7c4f3c474fb2c041d8028740440937705ebb473a\logback-classic-1.2.3.jar;C:\Users\ryarraguntla\.gradle\caches\modules-2\files-2.1\org.apache.logging.log4j\log4j-to-slf4j\2.10.0\f7e631ccf49cfc0aefa4a2a728da7d374c05bd3c\log4j-to-slf4j-2.10.0.jar;C:\Users\ryarraguntla\.gradle\caches\modules-2\files-2.1\org.slf4j\jul-to-slf4j\1.7.25\af5364cd6679bfffb114f0dec8a157aaa283b76\jul-to-slf4j-1.7.25.jar;C:\Users\ryarraguntla\.gradle\caches\modules-2\files-2.1\com.netflix.netflix-commons\netflix-commons-util\0.3.0\8a6ffc41308c300197918eff3df1a7447ddaf468\netflix-commons-util-0.3.0.jar;C:\Users\ryarraguntla\.gradle\caches\modules-2\files-2.1\com.netflix.netflix-commons\netflix-statistics\0.1.1\12f6e48253f9cafa0e24d7d232ff504c52143212\netflix-statistics-0.1.1.jar;C:\Users\ryarraguntla\.gradle\caches\modules-2\files-2.1\org.slf4j\slf4j-api\1.7.25\da76ca59f6a57ee3102f8f9bd9cee742973efa8a\slf4j-api-1.7.25.jar;C:\Users\ryarraguntla\.gradle\caches\modules-2\files-2.1\xmlpull\xmlpull\1.1.3.1\2b8e230d2ab644e4ecaa94db7cdedbc40c805dfa\xmlpull-1.1.3.1.jar;C:\Users\ryarraguntla\.gradle\caches\modules-2\files-2.1\xpp3\xpp3_min\1.1.4c\19d4e90b43059058f6e056f794f0ea4030d60b86\xpp3_min-1.1.4c.jar;C:\Users\ryarraguntla\.gradle\caches\modules-2\files-2.1\org.springframework.security\spring-security-crypto\5.0.4.RELEASE\6ad3fe82501c2d78b61ebc6f6c19ab8ab9092898\spring-security-crypto-5.0.4.RELEASE.jar;C:\Users\ryarraguntla\.gradle\caches\modules-2\files-2.1\org.hdrhistogram\HdrHistogram\2.1.9\e4631ce165eb400edecfa32e03d3f1be53dee754\HdrHistogram-2.1.9.jar;C:\Users\ryarraguntla\.gradle\caches\modules-2\files-2.1\net.bytebuddy\byte-buddy\1.7.11\f02857a4e2c66ccbe7aaad6100a0a6c461bce9b3\byte-buddy-1.7.11.jar;C:\Users\ryarraguntla\.gradle\caches\modules-2\files-2.1\net.bytebuddy\byte-buddy-agent\1.7.11\b425a8933ca07edd03c6dbc8bc3b595fba9780de\byte-buddy-agent-1.7.11.jar;C:\Users\ryarraguntla\.gradle\caches\modules-2\files-2.1\org.objenesis\objenesis\2.6\639033469776fd37c08358c6b92a4761feb2af4b\objenesis-2.6.jar;C:\Users\ryarraguntla\.gradle\caches\modules-2\files-2.1\com.vaadin.external.google\android-json\0.0.20131108.vaadin1\fa26d351fe62a6a17f5cda1287c1c6110dec413f\android-json-0.0.20131108.vaadin1.jar;C:\Users\ryarraguntla\.gradle\caches\modules-2\files-2.1\org.springframework\spring-jcl\5.0.5.RELEASE\f4a2854b9d865e8b86717595aec16f877f8c6489\spring-jcl-5.0.5.RELEASE.jar;C:\Users\ryarraguntla\.gradle\caches\modules-2\files-2.1\org.bouncycastle\bcpkix-jdk15on\1.56\4648af70268b6fdb24674fb1fd7c1fcc73db1231\bcpkix-jdk15on-1.56.jar;C:\Users\ryarraguntla\.gradle\caches\modules-2\files-2.1\stax\stax-api\1.0.1\49c100caf72d658aca8e58bd74a4ba90fa2b0d70\stax-api-1.0.1.jar;C:\Users\ryarraguntla\.gradle\caches\modules-2\files-2.1\org.apache.commons\commons-math\2.2\4877b85d388275f994a5cfc7eceb73a8045d3006\commons-math-2.2.jar;C:\Users\ryarraguntla\.gradle\caches\modules-2\files-2.1\commons-configuration\commons-configuration\1.8\6cce40435bcd8018018f16898de01976b319941a\commons-configuration-1.8.jar;C:\Users\ryarraguntla\.gradle\caches\modules-2\files-2.1\org.apache.httpcomponents\httpcore\4.4.9\a86ce739e5a7175b4b234c290a00a5fdb80957a0\httpcore-4.4.9.jar;C:\Users\ryarraguntla\.gradle\caches\modules-2\files-2.1\commons-codec\commons-codec\1.11\3acb4705652e16236558f0f4f2192cc33c3bd189\commons-codec-1.11.jar;C:\Users\ryarraguntla\.gradle\caches\modules-2\files-2.1\javax.inject\javax.inject\1\6975da39a7040257bd51d21a231b76c915872d38\javax.inject-1.jar;C:\Users\ryarraguntla\.gradle\caches\modules-2\files-2.1\aopalliance\aopalliance\1.0\235ba8b489512805ac13a8f9ea77a1ca5ebe3e8\aopalliance-1.0.jar;C:\Users\ryarraguntla\.gradle\caches\modules-2\files-2.1\com.github.andrewoma.dexx\dexx-collections\0.2\a1cff10827ee471c215a99585b99f00d3a602194\dexx-collections-0.2.jar;C:\Users\ryarraguntla\.gradle\caches\modules-2\files-2.1\javax.xml.stream\stax-api\1.0-2\d6337b0de8b25e53e81b922352fbea9f9f57ba0b\stax-api-1.0-2.jar;C:\Users\ryarraguntla\.gradle\caches\modules-2\files-2.1\org.codehaus.woodstox\stax2-api\3.1.4\ac19014b1e6a7c08aad07fe114af792676b685b7\stax2-api-3.1.4.jar;C:\Users\ryarraguntla\.gradle\caches\modules-2\files-2.1\commons-lang\commons-lang\2.6\ce1edb914c94ebc388f086c6827e8bdeec71ac2\commons-lang-2.6.jar;C:\Users\ryarraguntla\.gradle\caches\modules-2\files-2.1\commons-collections\commons-collections\3.2.2\8ad72fe39fa8c91eaaf12aadb21e0c3661fe26d5\commons-collections-3.2.2.jar;C:\Users\ryarraguntla\.gradle\caches\modules-2\files-2.1\ch.qos.logback\logback-core\1.2.3\864344400c3d4d92dfeb0a305dc87d953677c03c\logback-core-1.2.3.jar;C:\Users\ryarraguntla\.gradle\caches\modules-2\files-2.1\org.apache.logging.log4j\log4j-api\2.10.0\fec5797a55b786184a537abd39c3fa1449d752d6\log4j-api-2.10.0.jar;C:\Users\ryarraguntla\.gradle\caches\modules-2\files-2.1\org.bouncycastle\bcprov-jdk15on\1.56\a153c6f9744a3e9dd6feab5e210e1c9861362ec7\bcprov-jdk15on-1.56.jar;C:\Users\ryarraguntla\.gradle\caches\modules-2\files-2.1\commons-jxpath\commons-jxpath\1.3\c22d7d0f0f40eb7059a23cfa61773a416768b137\commons-jxpath-1.3.jar;C:\Users\ryarraguntla\.gradle\caches\modules-2\files-2.1\joda-time\joda-time\2.9.9\f7b520c458572890807d143670c9b24f4de90897\joda-time-2.9.9.jar;C:\Users\ryarraguntla\.gradle\caches\modules-2\files-2.1\org.antlr\antlr-runtime\3.4\8f011408269a8e42b8548687e137d8eeb56df4b4\antlr-runtime-3.4.jar;C:\Users\ryarraguntla\.gradle\caches\modules-2\files-2.1\com.google.code.gson\gson\2.8.2\3edcfe49d2c6053a70a2a47e4e1c2f94998a49cf\gson-2.8.2.jar;C:\Users\ryarraguntla\.gradle\caches\modules-2\files-2.1\io.netty\netty-codec-http\4.1.23.Final\47cc15932619fd831aaa67fb0968532636ab435a\netty-codec-http-4.1.23.Final.jar;C:\Users\ryarraguntla\.gradle\caches\modules-2\files-2.1\io.netty\netty-transport-native-epoll\4.1.23.Final\8a8ad56081c66bb74362d5cc0a3cd620874ef1da\netty-transport-native-epoll-4.1.23.Final.jar;C:\Users\ryarraguntla\.gradle\caches\modules-2\files-2.1\org.antlr\stringtemplate\3.2.1\59ec8083721eae215c6f3caee944c410d2be34de\stringtemplate-3.2.1.jar;C:\Users\ryarraguntla\.gradle\caches\modules-2\files-2.1\antlr\antlr\2.7.7\83cd2cd674a217ade95a4bb83a8a14f351f48bd0\antlr-2.7.7.jar;C:\Users\ryarraguntla\.gradle\caches\modules-2\files-2.1\io.netty\netty-codec\4.1.23.Final\d6599803bfefbe9a3e226702faade5df0cb678d1\netty-codec-4.1.23.Final.jar;C:\Users\ryarraguntla\.gradle\caches\modules-2\files-2.1\io.netty\netty-transport-native-unix-common\4.1.23.Final\acb1d48526d42a0376852d1c242d48112123e745\netty-transport-native-unix-common-4.1.23.Final.jar;C:\Users\ryarraguntla\.gradle\caches\modules-2\files-2.1\io.netty\netty-transport\4.1.23.Final\80dfcc723083e23058878ddbc33f5fb0ce9ec9e9\netty-transport-4.1.23.Final.jar;C:\Users\ryarraguntla\.gradle\caches\modules-2\files-2.1\io.netty\netty-buffer\4.1.23.Final\c6c0705bbd5d68aebc2d5fdd48e9dda8a8ad6d3\netty-buffer-4.1.23.Final.jar;C:\Users\ryarraguntla\.gradle\caches\modules-2\files-2.1\io.netty\netty-resolver\4.1.23.Final\19adaf9ad6833da7506cdccc7c6d16952f366fa5\netty-resolver-4.1.23.Final.jar;C:\Users\ryarraguntla\.gradle\caches\modules-2\files-2.1\io.netty\netty-common\4.1.23.Final\387b1b9d0441646a5cf84eace2b3e15dd07aca47\netty-common-4.1.23.Final.jar, user.name=ryarraguntla, java.vm.specification.version=1.8, sun.java.command=worker.org.gradle.process.internal.worker.GradleWorkerMain 'Gradle Test Executor 2', java.home=C:\Program Files\Java\jdk1.8.0_161\jre, sun.arch.data.model=64, user.language=en, java.specification.vendor=Oracle Corporation, awt.toolkit=sun.awt.windows.WToolkit, java.vm.info=mixed mode, java.version=1.8.0_161, java.ext.dirs=C:\Program Files\Java\jdk1.8.0_161\jre\lib\ext;C:\Windows\Sun\Java\lib\ext, sun.boot.class.path=C:\Program Files\Java\jdk1.8.0_161\jre\lib\resources.jar;C:\Program Files\Java\jdk1.8.0_161\jre\lib\rt.jar;C:\Program Files\Java\jdk1.8.0_161\jre\lib\sunrsasign.jar;C:\Program Files\Java\jdk1.8.0_161\jre\lib\jsse.jar;C:\Program Files\Java\jdk1.8.0_161\jre\lib\jce.jar;C:\Program Files\Java\jdk1.8.0_161\jre\lib\charsets.jar;C:\Program Files\Java\jdk1.8.0_161\jre\lib\jfr.jar;C:\Program Files\Java\jdk1.8.0_161\jre\classes, java.vendor=Oracle Corporation, org.gradle.test.worker=2, file.separator=\, java.vendor.url.bug=http://bugreport.sun.com/bugreport/, sun.io.unicode.encoding=UnicodeLittle, sun.cpu.endian=little, sun.desktop=windows, sun.cpu.isalist=amd64}}, SystemEnvironmentPropertySource@1985276054 {name='systemEnvironment', properties={USERDOMAIN_ROAMINGPROFILE=VIRTUSA, LOCALAPPDATA=C:\Users\ryarraguntla\AppData\Local, PROCESSOR_LEVEL=6, USERDOMAIN=VIRTUSA, FPS_BROWSER_APP_PROFILE_STRING=Internet Explorer, LOGONSERVER=\\WTVDC03, JAVA_HOME=C:\Program Files\Java\jdk1.8.0_161, SESSIONNAME=Console, ALLUSERSPROFILE=C:\ProgramData, PROCESSOR_ARCHITECTURE=AMD64, PSModulePath=C:\Program Files\WindowsPowerShell\Modules;C:\Windows\system32\WindowsPowerShell\v1.0\Modules, SystemDrive=C:, DEFLOGDIR=C:\ProgramData\McAfee\Endpoint Security\Logs, MAVEN_HOME=C:\Program Files\apache-maven-3.5.3, OneDrive=C:\Users\ryarraguntla\OneDrive - Virtusa, APPDATA=C:\Users\ryarraguntla\AppData\Roaming, USERNAME=ryarraguntla, USERDNSDOMAIN=VIRTUSA.COM, ProgramFiles(x86)=C:\Program Files (x86), CommonProgramFiles=C:\Program Files\Common Files, Path=C:/Program Files/Java/jre1.8.0_161/bin/server;C:/Program Files/Java/jre1.8.0_161/bin;C:/Program Files/Java/jre1.8.0_161/lib/amd64;C:\Program Files\Docker\Docker\Resources\bin;C:\ProgramData\Oracle\Java\javapath;C:\Program Files (x86)\Intel\Intel(R) Management Engine Components\iCLS\;C:\Program Files\Intel\Intel(R) Management Engine Components\iCLS\;C:\Windows\system32;C:\Windows;C:\Windows\System32\Wbem;C:\Windows\System32\WindowsPowerShell\v1.0\;C:\Windows\CCM;C:\Windows\CCM;C:\Program Files (x86)\Intel\Intel(R) Management Engine Components\DAL;C:\Program Files\Intel\Intel(R) Management Engine Components\DAL;C:\Program Files (x86)\Intel\Intel(R) Management Engine Components\IPT;C:\Program Files\Intel\Intel(R) Management Engine Components\IPT;C:\Program Files\Java\jdk1.8.0_161\bin;C:\Program Files\apache-maven-3.5.3\bin;C:\Gradle\gradle-4.5\bin;C:\Users\ryarraguntla\Downloads\Softwares\graphviz-2.38\release\\bin;C:\Users\ryarraguntla\Downloads\Softwares\spring-tool-suite-3.9.3\sts-bundle\sts-3.9.3.RELEASE;, FPS_BROWSER_USER_PROFILE_STRING=Default, PATHEXT=.COM;.EXE;.BAT;.CMD;.VBS;.VBE;.JS;.JSE;.WSF;.WSH;.MSC, OS=Windows_NT, COMPUTERNAME=WTLRYARRAGUNTLA, PROCESSOR_REVISION=8e09, CommonProgramW6432=C:\Program Files\Common Files, ComSpec=C:\Windows\system32\cmd.exe, UATDATA=C:\Windows\CCM\UATData\D9F8C395-CAB8-491d-B8AC-179A1FE1BE77, ProgramData=C:\ProgramData, ProgramW6432=C:\Program Files, HOMEPATH=\Users\ryarraguntla, SystemRoot=C:\Windows, TEMP=C:\Users\RYARRA~1\AppData\Local\Temp, HOMEDRIVE=C:, PROCESSOR_IDENTIFIER=Intel64 Family 6 Model 142 Stepping 9, GenuineIntel, USERPROFILE=C:\Users\ryarraguntla, TMP=C:\Users\RYARRA~1\AppData\Local\Temp, M2_HOME=C:\Program Files\apache-maven-3.5.3, CommonProgramFiles(x86)=C:\Program Files (x86)\Common Files, ProgramFiles=C:\Program Files, PUBLIC=C:\Users\Public, NUMBER_OF_PROCESSORS=4, windir=C:\Windows, GRAPHVIZ_HOME=C:\Users\ryarraguntla\Downloads\Softwares\graphviz-2.38\release\}}]
10:33:39.825 [Test worker] DEBUG org.springframework.test.context.support.TestPropertySourceUtils - Adding inlined properties to environment: {spring.jmx.enabled=false, org.springframework.boot.test.context.SpringBootTestContextBootstrapper=true, server.port=-1}
10:33:39.825 [Test worker] DEBUG org.springframework.core.env.StandardEnvironment - Adding PropertySource 'Inlined Test Properties' with highest search precedence
2018-05-02 10:33:41.825  INFO 8128 --- [    Test worker] s.c.a.AnnotationConfigApplicationContext : Refreshing org.springframework.context.annotation.AnnotationConfigApplicationContext@6b076389: startup date [Wed May 02 10:33:41 EDT 2018]; root of context hierarchy
2018-05-02 10:33:42.269  INFO 8128 --- [    Test worker] f.a.AutowiredAnnotationBeanPostProcessor : JSR-330 'javax.inject.Inject' annotation found and supported for autowiring
2018-05-02 10:33:42.374  INFO 8128 --- [    Test worker] trationDelegate$BeanPostProcessorChecker : Bean 'configurationPropertiesRebinderAutoConfiguration' of type [org.springframework.cloud.autoconfigure.ConfigurationPropertiesRebinderAutoConfiguration$$EnhancerBySpringCGLIB$$4f818280] is not eligible for getting processed by all BeanPostProcessors (for example: not eligible for auto-proxying)

  .   ____          _            __ _ _
 /\\ / ___'_ __ _ _(_)_ __  __ _ \ \ \ \
( ( )\___ | '_ | '_| | '_ \/ _` | \ \ \ \
 \\/  ___)| |_)| | | | | || (_| |  ) ) ) )
  '  |____| .__|_| |_|_| |_\__, | / / / /
 =========|_|==============|___/=/_/_/_/
 :: Spring Boot ::        (v2.0.1.RELEASE)

2018-05-02 10:33:43.761  INFO 8128 --- [    Test worker] c.f.FeignClientApplicationTests          : No active profile set, falling back to default profiles: default
2018-05-02 10:33:43.784  INFO 8128 --- [    Test worker] o.s.w.c.s.GenericWebApplicationContext   : Refreshing org.springframework.web.context.support.GenericWebApplicationContext@66ff2bc9: startup date [Wed May 02 10:33:43 EDT 2018]; parent: org.springframework.context.annotation.AnnotationConfigApplicationContext@6b076389
2018-05-02 10:33:45.091  INFO 8128 --- [    Test worker] o.s.cloud.context.scope.GenericScope     : BeanFactory id=5bffcc95-7ec4-3034-8735-7797c7062f6d
2018-05-02 10:33:45.201  INFO 8128 --- [    Test worker] f.a.AutowiredAnnotationBeanPostProcessor : JSR-330 'javax.inject.Inject' annotation found and supported for autowiring
2018-05-02 10:33:45.426  INFO 8128 --- [    Test worker] trationDelegate$BeanPostProcessorChecker : Bean 'org.springframework.cloud.autoconfigure.ConfigurationPropertiesRebinderAutoConfiguration' of type [org.springframework.cloud.autoconfigure.ConfigurationPropertiesRebinderAutoConfiguration$$EnhancerBySpringCGLIB$$4f818280] is not eligible for getting processed by all BeanPostProcessors (for example: not eligible for auto-proxying)
2018-05-02 10:33:45.800  INFO 8128 --- [    Test worker] s.c.a.AnnotationConfigApplicationContext : Refreshing FeignContext-FEIGN-SERVICE: startup date [Wed May 02 10:33:45 EDT 2018]; parent: org.springframework.web.context.support.GenericWebApplicationContext@66ff2bc9
2018-05-02 10:33:45.842  INFO 8128 --- [    Test worker] f.a.AutowiredAnnotationBeanPostProcessor : JSR-330 'javax.inject.Inject' annotation found and supported for autowiring
2018-05-02 10:33:46.886  WARN 8128 --- [    Test worker] c.n.c.sources.URLConfigurationSource     : No URLs will be polled as dynamic configuration sources.
2018-05-02 10:33:46.887  INFO 8128 --- [    Test worker] c.n.c.sources.URLConfigurationSource     : To enable URLs as dynamic configuration sources, define System property archaius.configurationSource.additionalUrls or make config.properties available on classpath.
2018-05-02 10:33:46.905  WARN 8128 --- [    Test worker] c.n.c.sources.URLConfigurationSource     : No URLs will be polled as dynamic configuration sources.
2018-05-02 10:33:46.905  INFO 8128 --- [    Test worker] c.n.c.sources.URLConfigurationSource     : To enable URLs as dynamic configuration sources, define System property archaius.configurationSource.additionalUrls or make config.properties available on classpath.
2018-05-02 10:33:47.207  INFO 8128 --- [    Test worker] o.s.w.s.handler.SimpleUrlHandlerMapping  : Mapped URL path [/**/favicon.ico] onto handler of type [class org.springframework.web.servlet.resource.ResourceHttpRequestHandler]
2018-05-02 10:33:47.702  INFO 8128 --- [    Test worker] s.w.s.m.m.a.RequestMappingHandlerAdapter : Looking for @ControllerAdvice: org.springframework.web.context.support.GenericWebApplicationContext@66ff2bc9: startup date [Wed May 02 10:33:43 EDT 2018]; parent: org.springframework.context.annotation.AnnotationConfigApplicationContext@6b076389
2018-05-02 10:33:47.873  INFO 8128 --- [    Test worker] s.w.s.m.m.a.RequestMappingHandlerMapping : Mapped "{[/user]}" onto public org.springframework.http.ResponseEntity<com.feignclient.model.UserDetails> com.feignclient.controller.FeignClientController.userDetails()
2018-05-02 10:33:47.878  INFO 8128 --- [    Test worker] s.w.s.m.m.a.RequestMappingHandlerMapping : Mapped "{[/error]}" onto public org.springframework.http.ResponseEntity<java.util.Map<java.lang.String, java.lang.Object>> org.springframework.boot.autoconfigure.web.servlet.error.BasicErrorController.error(javax.servlet.http.HttpServletRequest)
2018-05-02 10:33:47.880  INFO 8128 --- [    Test worker] s.w.s.m.m.a.RequestMappingHandlerMapping : Mapped "{[/error],produces=[text/html]}" onto public org.springframework.web.servlet.ModelAndView org.springframework.boot.autoconfigure.web.servlet.error.BasicErrorController.errorHtml(javax.servlet.http.HttpServletRequest,javax.servlet.http.HttpServletResponse)
2018-05-02 10:33:47.957  INFO 8128 --- [    Test worker] o.s.w.s.handler.SimpleUrlHandlerMapping  : Mapped URL path [/webjars/**] onto handler of type [class org.springframework.web.servlet.resource.ResourceHttpRequestHandler]
2018-05-02 10:33:47.958  INFO 8128 --- [    Test worker] o.s.w.s.handler.SimpleUrlHandlerMapping  : Mapped URL path [/**] onto handler of type [class org.springframework.web.servlet.resource.ResourceHttpRequestHandler]
2018-05-02 10:33:50.812  INFO 8128 --- [    Test worker] o.s.c.support.DefaultLifecycleProcessor  : Starting beans in phase 0
2018-05-02 10:33:50.829  INFO 8128 --- [    Test worker] c.f.FeignClientApplicationTests          : Started FeignClientApplicationTests in 10.986 seconds (JVM running for 13.5)
]]></system-out>
  <system-err><![CDATA[]]></system-err>
</testsuite>
